Godot Engine v4.4.1.stable.mono.official.49a5bc7b6 - https://godotengine.org
Metal 3.2 - Forward+ - Using Device #0: Apple - Apple M4 (Apple9)

[ObstacleManager] Loaded 7 obstacles.
Obstacle CylinderObs1 - Global Position: (33.635956, 4.768375E-07, 2.0921004)
Obstacle CylinderObs2 - Global Position: (31.701841, 0, -2.5783968)
Obstacle CylinderObs3 - Global Position: (29.631319, -4.768375E-07, -0.14462332)
Obstacle CylinderObs4 - Global Position: (32.19054, -4.768375E-07, 4.3857675)
Obstacle CylinderObs5 - Global Position: (33.289177, -1.4305144E-06, -3.3646593)
Obstacle CylinderObs6 - Global Position: (38.10014, -4.768375E-07, 4.3244286)
Obstacle CylinderObs7 - Global Position: (28.223623, -4.768375E-07, -4.5052633)
[Director] Terrain OK: Terrain
[GridPlannerPersistent] BuildGrid: gridSize=0.25, gridExtent=60, obstacleBuffer=1
[GridPlannerPersistent] BuildGrid: obstacles.Count()=7
  obs[0] cyl at (33.635956, 4.768375E-07, 2.0921004) r=0.5
  obs[1] cyl at (31.701841, 0, -2.5783968) r=0.5
  obs[2] cyl at (29.631319, -4.768375E-07, -0.14462332) r=1
  obs[3] cyl at (32.19054, -4.768375E-07, 4.3857675) r=1
  obs[4] cyl at (33.289177, -1.4305144E-06, -3.3646593) r=1
  obs[5] cyl at (38.10014, -4.768375E-07, 4.3244286) r=1
  obs[6] cyl at (28.223623, -4.768375E-07, -4.5052633) r=1
GridPlannerPersistent: disabled 0 cells for 7 obstacles.
GridPlannerPersistent: grid built and cached.
[SimulationSettingsPanel] Creating UI...
[SimulationSettingsPanel] UI created successfully!
[PATH/CHECK] 3d.adapter :: sample_out_norm: nPts=21 last.x=1.212999 last.y=-2.186009
[PATH/CHECK] 3d.adapter :: mapped_world: nPts=21 last=(3.270,0.000,-2.177)
[Director] Vehicle spawned with dig sector 0.00 to 0.79 rad
[PATH/CHECK] 3d.adapter :: sample_out_norm: nPts=51 last.x=-5.260525 last.y=-5.345735
[PATH/CHECK] 3d.adapter :: mapped_world: nPts=51 last=(1.405,0.000,-6.068)
[Director] @CharacterBody3D@34 spawned with dig sector 0.79 to 1.57 rad
[PATH/CHECK] 3d.adapter :: sample_out_norm: nPts=13 last.x=2.149306 last.y=1.276904
[PATH/CHECK] 3d.adapter :: mapped_world: nPts=13 last=(-1.265,0.000,4.177)
[Director] @CharacterBody3D@45 spawned with dig sector 1.57 to 2.36 rad
[PATH/CHECK] 3d.adapter :: sample_out_norm: nPts=24 last.x=-1.767752 last.y=1.767782
[PATH/CHECK] 3d.adapter :: mapped_world: nPts=24 last=(-1.416,0.000,-1.084)
[Director] @CharacterBody3D@56 spawned with dig sector 2.36 to 3.14 rad
[PATH/CHECK] 3d.adapter :: sample_out_norm: nPts=33 last.x=4.278291 last.y=-2.587706
[PATH/CHECK] 3d.adapter :: mapped_world: nPts=33 last=(-6.307,0.000,2.488)
[Director] @CharacterBody3D@67 spawned with dig sector 3.14 to 3.93 rad
[PATH/CHECK] 3d.adapter :: sample_out_norm: nPts=13 last.x=2.409541 last.y=0.666417
[PATH/CHECK] 3d.adapter :: mapped_world: nPts=13 last=(-2.673,0.000,-3.562)
[Director] @CharacterBody3D@78 spawned with dig sector 3.93 to 4.71 rad
[Director] @CharacterBody3D@89 spawned with dig sector 4.71 to 5.50 rad
[Director] @CharacterBody3D@100 spawned with dig sector 5.50 to 6.28 rad
[@CharacterBody3D@78] Final waypoint reached — forcing done (skipping align). finalAim=(-0.49291155, 0, -0.8700794) lastGear=1
[Robot_5] Dug 0.080m → Payload: 0.04m³
[PATH/CHECK] 3d.adapter :: sample_out_norm: nPts=1 last.x=0.000000 last.y=0.000000
[PATH/CHECK] 3d.adapter :: mapped_world: nPts=1 last=(-2.616,0.000,-3.459)
[@CharacterBody3D@78] Final waypoint reached — forcing done (skipping align). finalAim=(-0.48982587, 0, -0.8718203) lastGear=1
[Robot_5] Dug 0.080m → Payload: 0.08m³
[PATH/CHECK] 3d.adapter :: sample_out_norm: nPts=1 last.x=0.000000 last.y=0.000000
[PATH/CHECK] 3d.adapter :: mapped_world: nPts=1 last=(-2.616,0.000,-3.459)
[@CharacterBody3D@78] Final waypoint reached — forcing done (skipping align). finalAim=(-0.48982587, 0, -0.8718203) lastGear=1
[Robot_5] Dug 0.080m → Payload: 0.12m³
[PATH/CHECK] 3d.adapter :: sample_out_norm: nPts=1 last.x=0.000000 last.y=0.000000
[PATH/CHECK] 3d.adapter :: mapped_world: nPts=1 last=(-2.616,0.000,-3.459)
[@CharacterBody3D@78] Final waypoint reached — forcing done (skipping align). finalAim=(-0.48982587, 0, -0.8718203) lastGear=1
[Robot_5] Dug 0.080m → Payload: 0.16m³
[PATH/CHECK] 3d.adapter :: sample_out_norm: nPts=1 last.x=0.000000 last.y=0.000000
[PATH/CHECK] 3d.adapter :: mapped_world: nPts=1 last=(-2.616,0.000,-3.459)
[@CharacterBody3D@78] Final waypoint reached — forcing done (skipping align). finalAim=(-0.48982587, 0, -0.8718203) lastGear=1
[Robot_5] Dug 0.080m → Payload: 0.20m³
[PATH/CHECK] 3d.adapter :: sample_out_norm: nPts=1 last.x=0.000000 last.y=0.000000
[PATH/CHECK] 3d.adapter :: mapped_world: nPts=1 last=(-2.616,0.000,-3.459)
[@CharacterBody3D@78] Final waypoint reached — forcing done (skipping align). finalAim=(-0.48982587, 0, -0.8718203) lastGear=1
[Robot_5] Dug 0.080m → Payload: 0.24m³
[PATH/CHECK] 3d.adapter :: sample_out_norm: nPts=1 last.x=0.000000 last.y=0.000000
[PATH/CHECK] 3d.adapter :: mapped_world: nPts=1 last=(-2.616,0.000,-3.459)
[@CharacterBody3D@78] Final waypoint reached — forcing done (skipping align). finalAim=(-0.48982587, 0, -0.8718203) lastGear=1
[Robot_5] Dug 0.080m → Payload: 0.28m³
[PATH/CHECK] 3d.adapter :: sample_out_norm: nPts=1 last.x=0.000000 last.y=0.000000
[PATH/CHECK] 3d.adapter :: mapped_world: nPts=1 last=(-2.616,0.000,-3.459)
[@CharacterBody3D@78] Final waypoint reached — forcing done (skipping align). finalAim=(-0.48982587, 0, -0.8718203) lastGear=1
[Robot_5] Dug 0.080m → Payload: 0.32m³
[PATH/CHECK] 3d.adapter :: sample_out_norm: nPts=1 last.x=0.000000 last.y=0.000000
[PATH/CHECK] 3d.adapter :: mapped_world: nPts=1 last=(-2.616,0.000,-3.459)
[@CharacterBody3D@78] Final waypoint reached — forcing done (skipping align). finalAim=(-0.48982587, 0, -0.8718203) lastGear=1
[Robot_5] Dug 0.080m → Payload: 0.36m³
[PATH/CHECK] 3d.adapter :: sample_out_norm: nPts=1 last.x=0.000000 last.y=0.000000
[PATH/CHECK] 3d.adapter :: mapped_world: nPts=1 last=(-2.616,0.000,-3.459)
[@CharacterBody3D@45] Final waypoint reached — forcing done (skipping align). finalAim=(-0.5313047, 0, 0.8471807) lastGear=1
[@CharacterBody3D@78] Final waypoint reached — forcing done (skipping align). finalAim=(-0.48982587, 0, -0.8718203) lastGear=1
[Robot_2] Dug 0.080m → Payload: 0.04m³
[Robot_5] Dug 0.080m → Payload: 0.40m³
[PATH/CHECK] 3d.adapter :: sample_out_norm: nPts=1 last.x=0.000000 last.y=0.000000
[PATH/CHECK] 3d.adapter :: mapped_world: nPts=1 last=(-2.616,0.000,-3.459)
[PATH/CHECK] 3d.adapter :: sample_out_norm: nPts=26 last.x=-0.418168 last.y=4.982482
[PATH/CHECK] 3d.adapter :: mapped_world: nPts=26 last=(-2.916,0.000,-3.912)
[@CharacterBody3D@78] Final waypoint reached — forcing done (skipping align). finalAim=(-0.48982587, 0, -0.8718203) lastGear=1
[Robot_5] Dug 0.080m → Payload: 0.44m³
[PATH/CHECK] 3d.adapter :: sample_out_norm: nPts=1 last.x=0.000000 last.y=0.000000
[PATH/CHECK] 3d.adapter :: mapped_world: nPts=1 last=(-2.616,0.000,-3.459)
[@CharacterBody3D@78] Final waypoint reached — forcing done (skipping align). finalAim=(-0.48982587, 0, -0.8718203) lastGear=1
[Robot_5] Dug 0.080m → Payload: 0.48m³
[PATH/CHECK] 3d.adapter :: sample_out_norm: nPts=1 last.x=0.000000 last.y=0.000000
[PATH/CHECK] 3d.adapter :: mapped_world: nPts=1 last=(-2.616,0.000,-3.459)
[@CharacterBody3D@78] Final waypoint reached — forcing done (skipping align). finalAim=(-0.48982587, 0, -0.8718203) lastGear=1
[Robot_5] Dug 0.080m → Payload: 0.50m³
[Robot_5] ▌▌▌ FULL (0.50m³ / 0.5m³), heading home
[PATH/CHECK] 3d.adapter :: sample_out_norm: nPts=28 last.x=-2.371722 last.y=0.046305
[PATH/CHECK] 3d.adapter :: mapped_world: nPts=28 last=(-1.414,0.000,-1.414)
[Vehicle] Final waypoint reached — forcing done (skipping align). finalAim=(0.5743402, 0, -0.8186167) lastGear=1
[Robot_0] Dug 0.080m → Payload: 0.04m³
[PATH/CHECK] 3d.adapter :: sample_out_norm: nPts=23 last.x=4.526266 last.y=2.124363
[PATH/CHECK] 3d.adapter :: mapped_world: nPts=23 last=(7.520,0.000,-4.590)
[PATH/CHECK] 3d.adapter :: sample_out_norm: nPts=21 last.x=1.099487 last.y=-2.245245
[PATH/CHECK] 3d.adapter :: mapped_world: nPts=21 last=(2.484,0.000,-1.988)
[@CharacterBody3D@56] Final waypoint reached — forcing done (skipping align). finalAim=(0.046757363, -0, -0.99890625) lastGear=-1
[Robot_3] Dug 0.080m → Payload: 0.04m³
[PATH/CHECK] 3d.adapter :: sample_out_norm: nPts=23 last.x=4.434355 last.y=2.310086
[PATH/CHECK] 3d.adapter :: mapped_world: nPts=23 last=(-5.531,0.000,6.580)
[@CharacterBody3D@67] Final waypoint reached — forcing done (skipping align). finalAim=(-0.88926536, 0, 0.4573917) lastGear=1
[Robot_4] Dug 0.080m → Payload: 0.04m³
[@CharacterBody3D@100] Final waypoint reached — forcing done (skipping align). finalAim=(-0.85750043, 0, -0.5144832) lastGear=1
[Robot_7] Dug 0.080m → Payload: 0.04m³
[PATH/CHECK] 3d.adapter :: sample_out_norm: nPts=1 last.x=0.000000 last.y=0.000000
[PATH/CHECK] 3d.adapter :: mapped_world: nPts=1 last=(-2.823,0.000,-3.837)
[@CharacterBody3D@89] Final waypoint reached — forcing done (skipping align). finalAim=(0.99548435, 0, 0.094925635) lastGear=1
[@CharacterBody3D@100] Final waypoint reached — forcing done (skipping align). finalAim=(-0.8383026, 0, -0.54520524) lastGear=1
[PATH/CHECK] 3d.adapter :: sample_out_norm: nPts=21 last.x=2.497329 last.y=-0.115540
[PATH/CHECK] 3d.adapter :: mapped_world: nPts=21 last=(-1.442,0.000,-3.567)
[Robot_6] Dug 0.080m → Payload: 0.04m³
[PATH/CHECK] 3d.adapter :: sample_out_norm: nPts=1 last.x=0.000000 last.y=0.000000
[PATH/CHECK] 3d.adapter :: mapped_world: nPts=1 last=(2.368,0.000,-2.015)
[Robot_7] Dug 0.080m → Payload: 0.08m³
[PATH/CHECK] 3d.adapter :: sample_out_norm: nPts=1 last.x=0.000000 last.y=0.000000
[PATH/CHECK] 3d.adapter :: mapped_world: nPts=1 last=(-2.823,0.000,-3.837)
[@CharacterBody3D@89] Final waypoint reached — forcing done (skipping align). finalAim=(0.99479365, 0, 0.10190983) lastGear=1
[@CharacterBody3D@100] Final waypoint reached — forcing done (skipping align). finalAim=(-0.8383026, 0, -0.54520524) lastGear=1
[Robot_6] Dug 0.080m → Payload: 0.08m³
[PATH/CHECK] 3d.adapter :: sample_out_norm: nPts=1 last.x=0.000000 last.y=0.000000
[PATH/CHECK] 3d.adapter :: mapped_world: nPts=1 last=(2.368,0.000,-2.015)
[Robot_7] Dug 0.080m → Payload: 0.12m³
[PATH/CHECK] 3d.adapter :: sample_out_norm: nPts=1 last.x=0.000000 last.y=0.000000
[PATH/CHECK] 3d.adapter :: mapped_world: nPts=1 last=(-2.823,0.000,-3.837)
[@CharacterBody3D@89] Final waypoint reached — forcing done (skipping align). finalAim=(0.99479365, 0, 0.10190983) lastGear=1
[@CharacterBody3D@100] Final waypoint reached — forcing done (skipping align). finalAim=(-0.8383026, 0, -0.54520524) lastGear=1
[Robot_6] Dug 0.080m → Payload: 0.12m³
[PATH/CHECK] 3d.adapter :: sample_out_norm: nPts=1 last.x=0.000000 last.y=0.000000
[PATH/CHECK] 3d.adapter :: mapped_world: nPts=1 last=(2.368,0.000,-2.015)
[Robot_7] Dug 0.080m → Payload: 0.16m³
[PATH/CHECK] 3d.adapter :: sample_out_norm: nPts=1 last.x=0.000000 last.y=0.000000
[PATH/CHECK] 3d.adapter :: mapped_world: nPts=1 last=(-2.823,0.000,-3.837)
[@CharacterBody3D@89] Final waypoint reached — forcing done (skipping align). finalAim=(0.99479365, 0, 0.10190983) lastGear=1
[@CharacterBody3D@100] Final waypoint reached — forcing done (skipping align). finalAim=(-0.8383026, 0, -0.54520524) lastGear=1
[Robot_6] Dug 0.080m → Payload: 0.16m³
[PATH/CHECK] 3d.adapter :: sample_out_norm: nPts=1 last.x=0.000000 last.y=0.000000
[PATH/CHECK] 3d.adapter :: mapped_world: nPts=1 last=(2.368,0.000,-2.015)
[Robot_7] Dug 0.080m → Payload: 0.20m³
[PATH/CHECK] 3d.adapter :: sample_out_norm: nPts=1 last.x=0.000000 last.y=0.000000
[PATH/CHECK] 3d.adapter :: mapped_world: nPts=1 last=(-2.823,0.000,-3.837)
[@CharacterBody3D@89] Final waypoint reached — forcing done (skipping align). finalAim=(0.99479365, 0, 0.10190983) lastGear=1
[@CharacterBody3D@100] Final waypoint reached — forcing done (skipping align). finalAim=(-0.8383026, 0, -0.54520524) lastGear=1
[Robot_6] Dug 0.080m → Payload: 0.20m³
[PATH/CHECK] 3d.adapter :: sample_out_norm: nPts=1 last.x=0.000000 last.y=0.000000
[PATH/CHECK] 3d.adapter :: mapped_world: nPts=1 last=(2.368,0.000,-2.015)
[Robot_7] Dug 0.080m → Payload: 0.24m³
[PATH/CHECK] 3d.adapter :: sample_out_norm: nPts=1 last.x=0.000000 last.y=0.000000
[PATH/CHECK] 3d.adapter :: mapped_world: nPts=1 last=(-2.823,0.000,-3.837)
[@CharacterBody3D@89] Final waypoint reached — forcing done (skipping align). finalAim=(0.99479365, 0, 0.10190983) lastGear=1
[@CharacterBody3D@100] Final waypoint reached — forcing done (skipping align). finalAim=(-0.8383026, 0, -0.54520524) lastGear=1
[Robot_6] Dug 0.080m → Payload: 0.24m³
[PATH/CHECK] 3d.adapter :: sample_out_norm: nPts=1 last.x=0.000000 last.y=0.000000
[PATH/CHECK] 3d.adapter :: mapped_world: nPts=1 last=(2.368,0.000,-2.015)
[Robot_7] Dug 0.080m → Payload: 0.28m³
[PATH/CHECK] 3d.adapter :: sample_out_norm: nPts=1 last.x=0.000000 last.y=0.000000
[PATH/CHECK] 3d.adapter :: mapped_world: nPts=1 last=(-2.823,0.000,-3.837)
[@CharacterBody3D@89] Final waypoint reached — forcing done (skipping align). finalAim=(0.99479365, 0, 0.10190983) lastGear=1
[@CharacterBody3D@100] Final waypoint reached — forcing done (skipping align). finalAim=(-0.8383026, 0, -0.54520524) lastGear=1
[Robot_6] Dug 0.080m → Payload: 0.28m³
[PATH/CHECK] 3d.adapter :: sample_out_norm: nPts=1 last.x=0.000000 last.y=0.000000
[PATH/CHECK] 3d.adapter :: mapped_world: nPts=1 last=(2.368,0.000,-2.015)
[Robot_7] Dug 0.080m → Payload: 0.32m³
[PATH/CHECK] 3d.adapter :: sample_out_norm: nPts=1 last.x=0.000000 last.y=0.000000
[PATH/CHECK] 3d.adapter :: mapped_world: nPts=1 last=(-2.823,0.000,-3.837)
[@CharacterBody3D@89] Final waypoint reached — forcing done (skipping align). finalAim=(0.99479365, 0, 0.10190983) lastGear=1
[@CharacterBody3D@100] Final waypoint reached — forcing done (skipping align). finalAim=(-0.8383026, 0, -0.54520524) lastGear=1
[Robot_6] Dug 0.080m → Payload: 0.32m³
[PATH/CHECK] 3d.adapter :: sample_out_norm: nPts=1 last.x=0.000000 last.y=0.000000
[PATH/CHECK] 3d.adapter :: mapped_world: nPts=1 last=(2.368,0.000,-2.015)
[Robot_7] Dug 0.080m → Payload: 0.36m³
[PATH/CHECK] 3d.adapter :: sample_out_norm: nPts=1 last.x=0.000000 last.y=0.000000
[PATH/CHECK] 3d.adapter :: mapped_world: nPts=1 last=(-2.823,0.000,-3.837)
[@CharacterBody3D@89] Final waypoint reached — forcing done (skipping align). finalAim=(0.99479365, 0, 0.10190983) lastGear=1
[@CharacterBody3D@100] Final waypoint reached — forcing done (skipping align). finalAim=(-0.8383026, 0, -0.54520524) lastGear=1
[Robot_6] Dug 0.080m → Payload: 0.36m³
[PATH/CHECK] 3d.adapter :: sample_out_norm: nPts=1 last.x=0.000000 last.y=0.000000
[PATH/CHECK] 3d.adapter :: mapped_world: nPts=1 last=(2.368,0.000,-2.015)
[Robot_7] Dug 0.080m → Payload: 0.40m³
[PATH/CHECK] 3d.adapter :: sample_out_norm: nPts=1 last.x=0.000000 last.y=0.000000
[PATH/CHECK] 3d.adapter :: mapped_world: nPts=1 last=(-2.823,0.000,-3.837)
[@CharacterBody3D@89] Final waypoint reached — forcing done (skipping align). finalAim=(0.99479365, 0, 0.10190983) lastGear=1
[@CharacterBody3D@100] Final waypoint reached — forcing done (skipping align). finalAim=(-0.8383026, 0, -0.54520524) lastGear=1
[Robot_6] Dug 0.080m → Payload: 0.40m³
[PATH/CHECK] 3d.adapter :: sample_out_norm: nPts=1 last.x=0.000000 last.y=0.000000
[PATH/CHECK] 3d.adapter :: mapped_world: nPts=1 last=(2.368,0.000,-2.015)
[Robot_7] Dug 0.080m → Payload: 0.44m³
[PATH/CHECK] 3d.adapter :: sample_out_norm: nPts=1 last.x=0.000000 last.y=0.000000
[PATH/CHECK] 3d.adapter :: mapped_world: nPts=1 last=(-2.823,0.000,-3.837)
[@CharacterBody3D@89] Final waypoint reached — forcing done (skipping align). finalAim=(0.99479365, 0, 0.10190983) lastGear=1
[@CharacterBody3D@100] Final waypoint reached — forcing done (skipping align). finalAim=(-0.8383026, 0, -0.54520524) lastGear=1
[Robot_6] Dug 0.080m → Payload: 0.44m³
[PATH/CHECK] 3d.adapter :: sample_out_norm: nPts=1 last.x=0.000000 last.y=0.000000
[PATH/CHECK] 3d.adapter :: mapped_world: nPts=1 last=(2.368,0.000,-2.015)
[Robot_7] Dug 0.080m → Payload: 0.48m³
[PATH/CHECK] 3d.adapter :: sample_out_norm: nPts=1 last.x=0.000000 last.y=0.000000
[PATH/CHECK] 3d.adapter :: mapped_world: nPts=1 last=(-2.823,0.000,-3.837)
[@CharacterBody3D@89] Final waypoint reached — forcing done (skipping align). finalAim=(0.99479365, 0, 0.10190983) lastGear=1
[@CharacterBody3D@100] Final waypoint reached — forcing done (skipping align). finalAim=(-0.8383026, 0, -0.54520524) lastGear=1
[Robot_6] Dug 0.080m → Payload: 0.48m³
[PATH/CHECK] 3d.adapter :: sample_out_norm: nPts=1 last.x=0.000000 last.y=0.000000
[PATH/CHECK] 3d.adapter :: mapped_world: nPts=1 last=(2.368,0.000,-2.015)
[Robot_7] Dug 0.080m → Payload: 0.50m³
[Robot_7] ▌▌▌ FULL (0.50m³ / 0.5m³), heading home
[PATH/CHECK] 3d.adapter :: sample_out_norm: nPts=36 last.x=-4.873217 last.y=0.279518
[PATH/CHECK] 3d.adapter :: mapped_world: nPts=36 last=(1.414,0.000,-1.414)
[@CharacterBody3D@89] Final waypoint reached — forcing done (skipping align). finalAim=(0.99479365, 0, 0.10190983) lastGear=1
[Robot_6] Dug 0.080m → Payload: 0.50m³
[Robot_6] ▌▌▌ FULL (0.50m³ / 0.5m³), heading home
[PATH/CHECK] 3d.adapter :: sample_out_norm: nPts=28 last.x=-2.353960 last.y=0.255744
[PATH/CHECK] 3d.adapter :: mapped_world: nPts=28 last=(0.000,0.000,-2.000)
[@CharacterBody3D@78] Final waypoint reached — forcing done (skipping align). finalAim=(0.49978784, 0, 0.8661479) lastGear=1
[Robot_5] ✓✓✓ DUMPED 0.50m³ at (-1.4, -1.5) - Total: 0.50m³
[PATH/CHECK] 3d.adapter :: sample_out_norm: nPts=1 last.x=0.000000 last.y=0.000000
[PATH/CHECK] 3d.adapter :: mapped_world: nPts=1 last=(-1.449,0.000,-1.525)
[@CharacterBody3D@78] Final waypoint reached — forcing done (skipping align). finalAim=(0.41838744, 0, 0.9082687) lastGear=1
[Robot_5] Dug 0.080m → Payload: 0.04m³
[PATH/CHECK] 3d.adapter :: sample_out_norm: nPts=1 last.x=0.000000 last.y=0.000000
[PATH/CHECK] 3d.adapter :: mapped_world: nPts=1 last=(-1.449,0.000,-1.525)
[@CharacterBody3D@78] Final waypoint reached — forcing done (skipping align). finalAim=(0.41838744, 0, 0.9082687) lastGear=1
[Robot_5] Dug 0.080m → Payload: 0.08m³
[PATH/CHECK] 3d.adapter :: sample_out_norm: nPts=1 last.x=0.000000 last.y=0.000000
[PATH/CHECK] 3d.adapter :: mapped_world: nPts=1 last=(-1.449,0.000,-1.525)
[@CharacterBody3D@78] Final waypoint reached — forcing done (skipping align). finalAim=(0.41838744, 0, 0.9082687) lastGear=1
[Robot_5] Dug 0.080m → Payload: 0.12m³
[PATH/CHECK] 3d.adapter :: sample_out_norm: nPts=1 last.x=0.000000 last.y=0.000000
[PATH/CHECK] 3d.adapter :: mapped_world: nPts=1 last=(-1.449,0.000,-1.525)
[@CharacterBody3D@78] Final waypoint reached — forcing done (skipping align). finalAim=(0.41838744, 0, 0.9082687) lastGear=1
[Robot_5] Dug 0.080m → Payload: 0.16m³
[PATH/CHECK] 3d.adapter :: sample_out_norm: nPts=1 last.x=0.000000 last.y=0.000000
[PATH/CHECK] 3d.adapter :: mapped_world: nPts=1 last=(-1.449,0.000,-1.525)
[@CharacterBody3D@78] Final waypoint reached — forcing done (skipping align). finalAim=(0.41838744, 0, 0.9082687) lastGear=1
[Robot_5] Dug 0.080m → Payload: 0.20m³
[PATH/CHECK] 3d.adapter :: sample_out_norm: nPts=1 last.x=0.000000 last.y=0.000000
[PATH/CHECK] 3d.adapter :: mapped_world: nPts=1 last=(-1.449,0.000,-1.525)
[@CharacterBody3D@78] Final waypoint reached — forcing done (skipping align). finalAim=(0.41838744, 0, 0.9082687) lastGear=1
[Robot_5] Dug 0.080m → Payload: 0.24m³
[PATH/CHECK] 3d.adapter :: sample_out_norm: nPts=1 last.x=0.000000 last.y=0.000000
[PATH/CHECK] 3d.adapter :: mapped_world: nPts=1 last=(-1.449,0.000,-1.525)
[@CharacterBody3D@78] Final waypoint reached — forcing done (skipping align). finalAim=(0.41838744, 0, 0.9082687) lastGear=1
[Robot_5] Dug 0.080m → Payload: 0.28m³
[PATH/CHECK] 3d.adapter :: sample_out_norm: nPts=1 last.x=0.000000 last.y=0.000000
[PATH/CHECK] 3d.adapter :: mapped_world: nPts=1 last=(-1.449,0.000,-1.525)
[@CharacterBody3D@78] Final waypoint reached — forcing done (skipping align). finalAim=(0.41838744, 0, 0.9082687) lastGear=1
[Robot_5] Dug 0.080m → Payload: 0.32m³
[PATH/CHECK] 3d.adapter :: sample_out_norm: nPts=1 last.x=0.000000 last.y=0.000000
[PATH/CHECK] 3d.adapter :: mapped_world: nPts=1 last=(-1.449,0.000,-1.525)
[@CharacterBody3D@78] Final waypoint reached — forcing done (skipping align). finalAim=(0.41838744, 0, 0.9082687) lastGear=1
[Robot_5] Dug 0.080m → Payload: 0.36m³
[PATH/CHECK] 3d.adapter :: sample_out_norm: nPts=1 last.x=0.000000 last.y=0.000000
[PATH/CHECK] 3d.adapter :: mapped_world: nPts=1 last=(-1.449,0.000,-1.525)
[@CharacterBody3D@78] Final waypoint reached — forcing done (skipping align). finalAim=(0.41838744, 0, 0.9082687) lastGear=1
[Robot_5] Dug 0.080m → Payload: 0.40m³
[PATH/CHECK] 3d.adapter :: sample_out_norm: nPts=1 last.x=0.000000 last.y=0.000000
[PATH/CHECK] 3d.adapter :: mapped_world: nPts=1 last=(-1.449,0.000,-1.525)
[@CharacterBody3D@78] Final waypoint reached — forcing done (skipping align). finalAim=(0.41838744, 0, 0.9082687) lastGear=1
[Robot_5] Dug 0.080m → Payload: 0.44m³
[PATH/CHECK] 3d.adapter :: sample_out_norm: nPts=1 last.x=0.000000 last.y=0.000000
[PATH/CHECK] 3d.adapter :: mapped_world: nPts=1 last=(-1.449,0.000,-1.525)
[@CharacterBody3D@78] Final waypoint reached — forcing done (skipping align). finalAim=(0.41838744, 0, 0.9082687) lastGear=1
[Robot_5] Dug 0.080m → Payload: 0.48m³
[PATH/CHECK] 3d.adapter :: sample_out_norm: nPts=1 last.x=0.000000 last.y=0.000000
[PATH/CHECK] 3d.adapter :: mapped_world: nPts=1 last=(-1.449,0.000,-1.525)
[@CharacterBody3D@78] Final waypoint reached — forcing done (skipping align). finalAim=(0.41838744, 0, 0.9082687) lastGear=1
[Robot_5] Dug 0.080m → Payload: 0.50m³
[Robot_5] ▌▌▌ FULL (0.50m³ / 0.5m³), heading home
[PATH/CHECK] 3d.adapter :: sample_out_norm: nPts=5 last.x=0.115198 last.y=0.014613
[PATH/CHECK] 3d.adapter :: mapped_world: nPts=5 last=(-1.414,0.000,-1.414)
[Vehicle] Final waypoint reached — forcing done (skipping align). finalAim=(0.87118465, 0, -0.4909555) lastGear=1
[Robot_0] Dug 0.080m → Payload: 0.08m³
[PATH/CHECK] 3d.adapter :: sample_out_norm: nPts=37 last.x=-4.999906 last.y=0.030691
[PATH/CHECK] 3d.adapter :: mapped_world: nPts=37 last=(3.087,0.000,-2.034)
[@CharacterBody3D@78] Final waypoint reached — forcing done (skipping align). finalAim=(0.3329366, -0, 0.94294924) lastGear=-1
[Robot_5] ✓✓✓ DUMPED 0.50m³ at (-1.4, -1.4) - Total: 1.00m³
[@CharacterBody3D@45] Final waypoint reached — forcing done (skipping align). finalAim=(-0.87222266, 0, 0.48910907) lastGear=1
[Robot_2] Dug 0.080m → Payload: 0.08m³
[PATH/CHECK] 3d.adapter :: sample_out_norm: nPts=21 last.x=-1.217587 last.y=2.183456
[PATH/CHECK] 3d.adapter :: mapped_world: nPts=21 last=(-5.428,0.000,4.024)
[@CharacterBody3D@34] Final waypoint reached — forcing done (skipping align). finalAim=(0.10455308, 0, -0.9945193) lastGear=1
[Robot_1] Dug 0.080m → Payload: 0.04m³
[@CharacterBody3D@56] Final waypoint reached — forcing done (skipping align). finalAim=(0.08730803, 0, -0.9961814) lastGear=1
[Robot_3] Dug 0.080m → Payload: 0.08m³
[PATH/CHECK] 3d.adapter :: sample_out_norm: nPts=28 last.x=-2.489650 last.y=0.227248
[PATH/CHECK] 3d.adapter :: mapped_world: nPts=28 last=(-1.467,0.000,-0.954)
[PATH/CHECK] 3d.adapter :: sample_out_norm: nPts=42 last.x=-6.317421 last.y=4.042300
[PATH/CHECK] 3d.adapter :: mapped_world: nPts=42 last=(-2.445,0.000,-4.044)
[@CharacterBody3D@45] Final waypoint reached — forcing done (skipping align). finalAim=(0.078454554, -0, -0.9969177) lastGear=-1
[Robot_2] Dug 0.080m → Payload: 0.12m³
[PATH/CHECK] 3d.adapter :: sample_out_norm: nPts=26 last.x=-2.389072 last.y=0.736433
[PATH/CHECK] 3d.adapter :: mapped_world: nPts=26 last=(-5.456,0.000,6.480)
[@CharacterBody3D@89] Final waypoint reached — forcing done (skipping align). finalAim=(-0.9993574, 0, -0.035844523) lastGear=1
[Robot_6] ✓✓✓ DUMPED 0.50m³ at (0.1, -2.0) - Total: 1.50m³
[@CharacterBody3D@100] Final waypoint reached — forcing done (skipping align). finalAim=(0.82083887, 0, 0.5711599) lastGear=1
[Robot_7] ✓✓✓ DUMPED 0.50m³ at (1.3, -1.5) - Total: 2.00m³
[PATH/CHECK] 3d.adapter :: sample_out_norm: nPts=1 last.x=0.000000 last.y=0.000000
[PATH/CHECK] 3d.adapter :: mapped_world: nPts=1 last=(1.324,0.000,-1.491)
[@CharacterBody3D@100] Final waypoint reached — forcing done (skipping align). finalAim=(0.81826603, 0, 0.5748397) lastGear=1
[Robot_7] Dug 0.080m → Payload: 0.04m³
[PATH/CHECK] 3d.adapter :: sample_out_norm: nPts=1 last.x=0.000000 last.y=0.000000
[PATH/CHECK] 3d.adapter :: mapped_world: nPts=1 last=(1.324,0.000,-1.491)
[@CharacterBody3D@100] Final waypoint reached — forcing done (skipping align). finalAim=(0.81826603, 0, 0.5748397) lastGear=1
[Robot_7] Dug 0.080m → Payload: 0.08m³
[PATH/CHECK] 3d.adapter :: sample_out_norm: nPts=1 last.x=0.000000 last.y=0.000000
[PATH/CHECK] 3d.adapter :: mapped_world: nPts=1 last=(1.324,0.000,-1.491)
[@CharacterBody3D@100] Final waypoint reached — forcing done (skipping align). finalAim=(0.81826603, 0, 0.5748397) lastGear=1
[Robot_7] Dug 0.080m → Payload: 0.12m³
[PATH/CHECK] 3d.adapter :: sample_out_norm: nPts=1 last.x=0.000000 last.y=0.000000
[PATH/CHECK] 3d.adapter :: mapped_world: nPts=1 last=(1.324,0.000,-1.491)
[@CharacterBody3D@100] Final waypoint reached — forcing done (skipping align). finalAim=(0.81826603, 0, 0.5748397) lastGear=1
[Robot_7] Dug 0.080m → Payload: 0.16m³
[PATH/CHECK] 3d.adapter :: sample_out_norm: nPts=1 last.x=0.000000 last.y=0.000000
[PATH/CHECK] 3d.adapter :: mapped_world: nPts=1 last=(1.324,0.000,-1.491)
[@CharacterBody3D@100] Final waypoint reached — forcing done (skipping align). finalAim=(0.81826603, 0, 0.5748397) lastGear=1
[Robot_7] Dug 0.080m → Payload: 0.20m³
[PATH/CHECK] 3d.adapter :: sample_out_norm: nPts=1 last.x=0.000000 last.y=0.000000
[PATH/CHECK] 3d.adapter :: mapped_world: nPts=1 last=(1.324,0.000,-1.491)
[@CharacterBody3D@100] Final waypoint reached — forcing done (skipping align). finalAim=(0.81826603, 0, 0.5748397) lastGear=1
[Robot_7] Dug 0.080m → Payload: 0.24m³
[PATH/CHECK] 3d.adapter :: sample_out_norm: nPts=1 last.x=0.000000 last.y=0.000000
[PATH/CHECK] 3d.adapter :: mapped_world: nPts=1 last=(1.324,0.000,-1.491)
[@CharacterBody3D@100] Final waypoint reached — forcing done (skipping align). finalAim=(0.81826603, 0, 0.5748397) lastGear=1
[Robot_7] Dug 0.080m → Payload: 0.28m³
[PATH/CHECK] 3d.adapter :: sample_out_norm: nPts=1 last.x=0.000000 last.y=0.000000
[PATH/CHECK] 3d.adapter :: mapped_world: nPts=1 last=(1.324,0.000,-1.491)
[@CharacterBody3D@100] Final waypoint reached — forcing done (skipping align). finalAim=(0.81826603, 0, 0.5748397) lastGear=1
[Robot_7] Dug 0.080m → Payload: 0.32m³
[PATH/CHECK] 3d.adapter :: sample_out_norm: nPts=1 last.x=0.000000 last.y=0.000000
[PATH/CHECK] 3d.adapter :: mapped_world: nPts=1 last=(1.324,0.000,-1.491)
[@CharacterBody3D@100] Final waypoint reached — forcing done (skipping align). finalAim=(0.81826603, 0, 0.5748397) lastGear=1
[Robot_7] Dug 0.080m → Payload: 0.36m³
[PATH/CHECK] 3d.adapter :: sample_out_norm: nPts=1 last.x=0.000000 last.y=0.000000
[PATH/CHECK] 3d.adapter :: mapped_world: nPts=1 last=(1.324,0.000,-1.491)
[@CharacterBody3D@100] Final waypoint reached — forcing done (skipping align). finalAim=(0.81826603, 0, 0.5748397) lastGear=1
[Robot_7] Dug 0.080m → Payload: 0.40m³
[PATH/CHECK] 3d.adapter :: sample_out_norm: nPts=1 last.x=0.000000 last.y=0.000000
[PATH/CHECK] 3d.adapter :: mapped_world: nPts=1 last=(1.324,0.000,-1.491)
[@CharacterBody3D@100] Final waypoint reached — forcing done (skipping align). finalAim=(0.81826603, 0, 0.5748397) lastGear=1
[Robot_7] Dug 0.080m → Payload: 0.44m³
[PATH/CHECK] 3d.adapter :: sample_out_norm: nPts=1 last.x=0.000000 last.y=0.000000
[PATH/CHECK] 3d.adapter :: mapped_world: nPts=1 last=(1.324,0.000,-1.491)
[@CharacterBody3D@100] Final waypoint reached — forcing done (skipping align). finalAim=(0.81826603, 0, 0.5748397) lastGear=1
[Robot_7] Dug 0.080m → Payload: 0.48m³
[PATH/CHECK] 3d.adapter :: sample_out_norm: nPts=1 last.x=0.000000 last.y=0.000000
[PATH/CHECK] 3d.adapter :: mapped_world: nPts=1 last=(1.324,0.000,-1.491)
[@CharacterBody3D@100] Final waypoint reached — forcing done (skipping align). finalAim=(0.81826603, 0, 0.5748397) lastGear=1
[Robot_7] Dug 0.080m → Payload: 0.50m³
[Robot_7] ▌▌▌ FULL (0.50m³ / 0.5m³), heading home
[PATH/CHECK] 3d.adapter :: sample_out_norm: nPts=5 last.x=0.117663 last.y=0.011406
[PATH/CHECK] 3d.adapter :: mapped_world: nPts=5 last=(1.414,0.000,-1.414)
[@CharacterBody3D@100] Final waypoint reached — forcing done (skipping align). finalAim=(0.770837, -0, 0.6370324) lastGear=-1
[Robot_7] ✓✓✓ DUMPED 0.50m³ at (1.4, -1.4) - Total: 2.50m³
[Vehicle] Final waypoint reached — forcing done (skipping align). finalAim=(-0.90365237, 0, 0.42826673) lastGear=1
[Robot_0] Dug 0.080m → Payload: 0.12m³
[PATH/CHECK] 3d.adapter :: sample_out_norm: nPts=21 last.x=0.881930 last.y=-2.339273
[PATH/CHECK] 3d.adapter :: mapped_world: nPts=21 last=(3.563,0.000,-2.679)
[@CharacterBody3D@56] Final waypoint reached — forcing done (skipping align). finalAim=(-0.11361388, 0, 0.99352497) lastGear=1
[Robot_3] Dug 0.080m → Payload: 0.12m³
[@CharacterBody3D@45] Final waypoint reached — forcing done (skipping align). finalAim=(-0.05757177, 0, 0.9983414) lastGear=1
[Robot_2] Dug 0.080m → Payload: 0.16m³
[PATH/CHECK] 3d.adapter :: sample_out_norm: nPts=28 last.x=-2.495096 last.y=0.156513
[PATH/CHECK] 3d.adapter :: mapped_world: nPts=28 last=(-5.431,0.000,3.864)
[@CharacterBody3D@100] Final waypoint reached — forcing done (skipping align). finalAim=(0.9148256, 0, -0.40384912) lastGear=1
[Robot_7] Dug 0.080m → Payload: 0.04m³
[PATH/CHECK] 3d.adapter :: sample_out_norm: nPts=1 last.x=0.000000 last.y=0.000000
[PATH/CHECK] 3d.adapter :: mapped_world: nPts=1 last=(3.452,0.000,-2.645)
[@CharacterBody3D@100] Final waypoint reached — forcing done (skipping align). finalAim=(0.91457486, 0, -0.4044167) lastGear=1
[Robot_7] Dug 0.080m → Payload: 0.08m³
[PATH/CHECK] 3d.adapter :: sample_out_norm: nPts=1 last.x=0.000000 last.y=0.000000
[PATH/CHECK] 3d.adapter :: mapped_world: nPts=1 last=(3.452,0.000,-2.645)
[@CharacterBody3D@100] Final waypoint reached — forcing done (skipping align). finalAim=(0.91457486, 0, -0.4044167) lastGear=1
[Robot_7] Dug 0.080m → Payload: 0.12m³
[PATH/CHECK] 3d.adapter :: sample_out_norm: nPts=1 last.x=0.000000 last.y=0.000000
[PATH/CHECK] 3d.adapter :: mapped_world: nPts=1 last=(3.452,0.000,-2.645)
[@CharacterBody3D@100] Final waypoint reached — forcing done (skipping align). finalAim=(0.91457486, 0, -0.4044167) lastGear=1
[Robot_7] Dug 0.080m → Payload: 0.16m³
[PATH/CHECK] 3d.adapter :: sample_out_norm: nPts=1 last.x=0.000000 last.y=0.000000
[PATH/CHECK] 3d.adapter :: mapped_world: nPts=1 last=(3.452,0.000,-2.645)
[@CharacterBody3D@100] Final waypoint reached — forcing done (skipping align). finalAim=(0.91457486, 0, -0.4044167) lastGear=1
[Robot_7] Dug 0.080m → Payload: 0.20m³
[PATH/CHECK] 3d.adapter :: sample_out_norm: nPts=1 last.x=0.000000 last.y=0.000000
[PATH/CHECK] 3d.adapter :: mapped_world: nPts=1 last=(3.452,0.000,-2.645)
[@CharacterBody3D@100] Final waypoint reached — forcing done (skipping align). finalAim=(0.91457486, 0, -0.4044167) lastGear=1
[Robot_7] Dug 0.080m → Payload: 0.24m³
[PATH/CHECK] 3d.adapter :: sample_out_norm: nPts=1 last.x=0.000000 last.y=0.000000
[PATH/CHECK] 3d.adapter :: mapped_world: nPts=1 last=(3.452,0.000,-2.645)
[@CharacterBody3D@100] Final waypoint reached — forcing done (skipping align). finalAim=(0.91457486, 0, -0.4044167) lastGear=1
[Robot_7] Dug 0.080m → Payload: 0.28m³
[PATH/CHECK] 3d.adapter :: sample_out_norm: nPts=1 last.x=0.000000 last.y=0.000000
[PATH/CHECK] 3d.adapter :: mapped_world: nPts=1 last=(3.452,0.000,-2.645)
[@CharacterBody3D@100] Final waypoint reached — forcing done (skipping align). finalAim=(0.91457486, 0, -0.4044167) lastGear=1
[Robot_7] Dug 0.080m → Payload: 0.32m³
[PATH/CHECK] 3d.adapter :: sample_out_norm: nPts=1 last.x=0.000000 last.y=0.000000
[PATH/CHECK] 3d.adapter :: mapped_world: nPts=1 last=(3.452,0.000,-2.645)
[@CharacterBody3D@100] Final waypoint reached — forcing done (skipping align). finalAim=(0.91457486, 0, -0.4044167) lastGear=1
[Robot_7] Dug 0.080m → Payload: 0.36m³
[PATH/CHECK] 3d.adapter :: sample_out_norm: nPts=1 last.x=0.000000 last.y=0.000000
[PATH/CHECK] 3d.adapter :: mapped_world: nPts=1 last=(3.452,0.000,-2.645)
[@CharacterBody3D@100] Final waypoint reached — forcing done (skipping align). finalAim=(0.91457486, 0, -0.4044167) lastGear=1
[Robot_7] Dug 0.080m → Payload: 0.40m³
[PATH/CHECK] 3d.adapter :: sample_out_norm: nPts=1 last.x=0.000000 last.y=0.000000
[PATH/CHECK] 3d.adapter :: mapped_world: nPts=1 last=(3.452,0.000,-2.645)
[@CharacterBody3D@100] Final waypoint reached — forcing done (skipping align). finalAim=(0.91457486, 0, -0.4044167) lastGear=1
[Robot_7] Dug 0.080m → Payload: 0.44m³
[PATH/CHECK] 3d.adapter :: sample_out_norm: nPts=1 last.x=0.000000 last.y=0.000000
[PATH/CHECK] 3d.adapter :: mapped_world: nPts=1 last=(3.452,0.000,-2.645)
[@CharacterBody3D@100] Final waypoint reached — forcing done (skipping align). finalAim=(0.91457486, 0, -0.4044167) lastGear=1
[Robot_7] Dug 0.080m → Payload: 0.48m³
[PATH/CHECK] 3d.adapter :: sample_out_norm: nPts=1 last.x=0.000000 last.y=0.000000
[PATH/CHECK] 3d.adapter :: mapped_world: nPts=1 last=(3.452,0.000,-2.645)
[@CharacterBody3D@100] Final waypoint reached — forcing done (skipping align). finalAim=(0.91457486, 0, -0.4044167) lastGear=1
[Robot_7] Dug 0.080m → Payload: 0.50m³
[Robot_7] ▌▌▌ FULL (0.50m³ / 0.5m³), heading home
[PATH/CHECK] 3d.adapter :: sample_out_norm: nPts=28 last.x=-2.361583 last.y=0.301961
[PATH/CHECK] 3d.adapter :: mapped_world: nPts=28 last=(1.414,0.000,-1.414)
[@CharacterBody3D@67] Final waypoint reached — forcing done (skipping align). finalAim=(0.5080925, 0, -0.86130255) lastGear=1
[Robot_4] Dug 0.080m → Payload: 0.08m³
[PATH/CHECK] 3d.adapter :: sample_out_norm: nPts=1 last.x=0.000000 last.y=0.000000
[PATH/CHECK] 3d.adapter :: mapped_world: nPts=1 last=(-2.520,0.000,-3.951)
[PATH/CHECK] 3d.adapter :: sample_out_norm: nPts=27 last.x=-2.461844 last.y=0.435113
[PATH/CHECK] 3d.adapter :: mapped_world: nPts=27 last=(-2.657,0.000,-3.565)
[@CharacterBody3D@67] Final waypoint reached — forcing done (skipping align). finalAim=(0.5742163, 0, -0.81870365) lastGear=1
[Robot_4] Dug 0.080m → Payload: 0.12m³
[PATH/CHECK] 3d.adapter :: sample_out_norm: nPts=1 last.x=0.000000 last.y=0.000000
[PATH/CHECK] 3d.adapter :: mapped_world: nPts=1 last=(-2.520,0.000,-3.951)
[@CharacterBody3D@67] Final waypoint reached — forcing done (skipping align). finalAim=(0.5742163, 0, -0.81870365) lastGear=1
[Robot_4] Dug 0.080m → Payload: 0.16m³
[PATH/CHECK] 3d.adapter :: sample_out_norm: nPts=1 last.x=0.000000 last.y=0.000000
[PATH/CHECK] 3d.adapter :: mapped_world: nPts=1 last=(-2.520,0.000,-3.951)
[@CharacterBody3D@67] Final waypoint reached — forcing done (skipping align). finalAim=(0.5742163, 0, -0.81870365) lastGear=1
[Robot_4] Dug 0.080m → Payload: 0.20m³
[PATH/CHECK] 3d.adapter :: sample_out_norm: nPts=1 last.x=0.000000 last.y=0.000000
[PATH/CHECK] 3d.adapter :: mapped_world: nPts=1 last=(-2.520,0.000,-3.951)
[@CharacterBody3D@67] Final waypoint reached — forcing done (skipping align). finalAim=(0.5742163, 0, -0.81870365) lastGear=1
[Robot_4] Dug 0.080m → Payload: 0.24m³
[PATH/CHECK] 3d.adapter :: sample_out_norm: nPts=1 last.x=0.000000 last.y=0.000000
[PATH/CHECK] 3d.adapter :: mapped_world: nPts=1 last=(-2.520,0.000,-3.951)
[@CharacterBody3D@67] Final waypoint reached — forcing done (skipping align). finalAim=(0.5742163, 0, -0.81870365) lastGear=1
[Robot_4] Dug 0.080m → Payload: 0.28m³
[PATH/CHECK] 3d.adapter :: sample_out_norm: nPts=1 last.x=0.000000 last.y=0.000000
[PATH/CHECK] 3d.adapter :: mapped_world: nPts=1 last=(-2.520,0.000,-3.951)
[@CharacterBody3D@67] Final waypoint reached — forcing done (skipping align). finalAim=(0.5742163, 0, -0.81870365) lastGear=1
[Robot_4] Dug 0.080m → Payload: 0.32m³
[PATH/CHECK] 3d.adapter :: sample_out_norm: nPts=1 last.x=0.000000 last.y=0.000000
[PATH/CHECK] 3d.adapter :: mapped_world: nPts=1 last=(-2.520,0.000,-3.951)
[@CharacterBody3D@67] Final waypoint reached — forcing done (skipping align). finalAim=(0.5742163, 0, -0.81870365) lastGear=1
[Robot_4] Dug 0.080m → Payload: 0.36m³
[PATH/CHECK] 3d.adapter :: sample_out_norm: nPts=1 last.x=0.000000 last.y=0.000000
[PATH/CHECK] 3d.adapter :: mapped_world: nPts=1 last=(-2.520,0.000,-3.951)
[@CharacterBody3D@67] Final waypoint reached — forcing done (skipping align). finalAim=(0.5742163, 0, -0.81870365) lastGear=1
[Robot_4] Dug 0.080m → Payload: 0.40m³
[PATH/CHECK] 3d.adapter :: sample_out_norm: nPts=1 last.x=0.000000 last.y=0.000000
[PATH/CHECK] 3d.adapter :: mapped_world: nPts=1 last=(-2.520,0.000,-3.951)
[@CharacterBody3D@67] Final waypoint reached — forcing done (skipping align). finalAim=(0.5742163, 0, -0.81870365) lastGear=1
[Robot_4] Dug 0.080m → Payload: 0.44m³
[PATH/CHECK] 3d.adapter :: sample_out_norm: nPts=1 last.x=0.000000 last.y=0.000000
[PATH/CHECK] 3d.adapter :: mapped_world: nPts=1 last=(-2.520,0.000,-3.951)
[@CharacterBody3D@67] Final waypoint reached — forcing done (skipping align). finalAim=(0.5742163, 0, -0.81870365) lastGear=1
[Robot_4] Dug 0.080m → Payload: 0.48m³
[PATH/CHECK] 3d.adapter :: sample_out_norm: nPts=1 last.x=0.000000 last.y=0.000000
[PATH/CHECK] 3d.adapter :: mapped_world: nPts=1 last=(-2.520,0.000,-3.951)
[@CharacterBody3D@67] Final waypoint reached — forcing done (skipping align). finalAim=(0.5742163, 0, -0.81870365) lastGear=1
[Robot_4] Dug 0.080m → Payload: 0.50m³
[Robot_4] ▌▌▌ FULL (0.50m³ / 0.5m³), heading home
[PATH/CHECK] 3d.adapter :: sample_out_norm: nPts=27 last.x=-2.936039 last.y=2.694761
[PATH/CHECK] 3d.adapter :: mapped_world: nPts=27 last=(-2.000,0.000,-0.000)
[@CharacterBody3D@45] Final waypoint reached — forcing done (skipping align). finalAim=(0.10558536, 0, -0.9944102) lastGear=1
[Robot_2] Dug 0.080m → Payload: 0.20m³
[@CharacterBody3D@100] Final waypoint reached — forcing done (skipping align). finalAim=(-0.87779206, 0, 0.4790418) lastGear=1
[Robot_7] ✓✓✓ DUMPED 0.50m³ at (1.5, -1.5) - Total: 3.00m³
[@CharacterBody3D@100] LocalRecovery: climbing 0.17m toward (-0, -0, 1), path=(1.5237899, 0, -0.6525616),(1.5237899, 0, 0.1474384)
[@CharacterBody3D@78] Final waypoint reached — forcing done (skipping align). finalAim=(-0.4876524, 0, -0.8730379) lastGear=1
[Robot_5] Dug 0.080m → Payload: 0.04m³
[PATH/CHECK] 3d.adapter :: sample_out_norm: nPts=1 last.x=0.000000 last.y=0.000000
[PATH/CHECK] 3d.adapter :: mapped_world: nPts=1 last=(-2.622,0.000,-3.452)
[PATH/CHECK] 3d.adapter :: sample_out_norm: nPts=13 last.x=2.288666 last.y=1.005985
[PATH/CHECK] 3d.adapter :: mapped_world: nPts=13 last=(-2.052,0.000,-3.227)
[@CharacterBody3D@78] Final waypoint reached — forcing done (skipping align). finalAim=(-0.42805693, 0, -0.90375173) lastGear=1
[Robot_5] Dug 0.080m → Payload: 0.08m³
[PATH/CHECK] 3d.adapter :: sample_out_norm: nPts=1 last.x=0.000000 last.y=0.000000
[PATH/CHECK] 3d.adapter :: mapped_world: nPts=1 last=(-2.622,0.000,-3.452)
[@CharacterBody3D@78] Final waypoint reached — forcing done (skipping align). finalAim=(-0.42805693, 0, -0.90375173) lastGear=1
[Robot_5] Dug 0.080m → Payload: 0.12m³
[PATH/CHECK] 3d.adapter :: sample_out_norm: nPts=1 last.x=0.000000 last.y=0.000000
[PATH/CHECK] 3d.adapter :: mapped_world: nPts=1 last=(-2.622,0.000,-3.452)
[@CharacterBody3D@78] Final waypoint reached — forcing done (skipping align). finalAim=(-0.42805693, 0, -0.90375173) lastGear=1
[Robot_5] Dug 0.080m → Payload: 0.16m³
[PATH/CHECK] 3d.adapter :: sample_out_norm: nPts=1 last.x=0.000000 last.y=0.000000
[PATH/CHECK] 3d.adapter :: mapped_world: nPts=1 last=(-2.622,0.000,-3.452)
[@CharacterBody3D@78] Final waypoint reached — forcing done (skipping align). finalAim=(-0.42805693, 0, -0.90375173) lastGear=1
[Robot_5] Dug 0.080m → Payload: 0.20m³
[PATH/CHECK] 3d.adapter :: sample_out_norm: nPts=1 last.x=0.000000 last.y=0.000000
[PATH/CHECK] 3d.adapter :: mapped_world: nPts=1 last=(-2.622,0.000,-3.452)
[@CharacterBody3D@78] Final waypoint reached — forcing done (skipping align). finalAim=(-0.42805693, 0, -0.90375173) lastGear=1
[Robot_5] Dug 0.080m → Payload: 0.24m³
[PATH/CHECK] 3d.adapter :: sample_out_norm: nPts=1 last.x=0.000000 last.y=0.000000
[PATH/CHECK] 3d.adapter :: mapped_world: nPts=1 last=(-2.622,0.000,-3.452)
[@CharacterBody3D@78] Final waypoint reached — forcing done (skipping align). finalAim=(-0.42805693, 0, -0.90375173) lastGear=1
[Robot_5] Dug 0.080m → Payload: 0.28m³
[PATH/CHECK] 3d.adapter :: sample_out_norm: nPts=1 last.x=0.000000 last.y=0.000000
[PATH/CHECK] 3d.adapter :: mapped_world: nPts=1 last=(-2.622,0.000,-3.452)
[@CharacterBody3D@78] Final waypoint reached — forcing done (skipping align). finalAim=(-0.42805693, 0, -0.90375173) lastGear=1
[Robot_5] Dug 0.080m → Payload: 0.32m³
[PATH/CHECK] 3d.adapter :: sample_out_norm: nPts=1 last.x=0.000000 last.y=0.000000
[PATH/CHECK] 3d.adapter :: mapped_world: nPts=1 last=(-2.622,0.000,-3.452)
[@CharacterBody3D@78] Final waypoint reached — forcing done (skipping align). finalAim=(-0.42805693, 0, -0.90375173) lastGear=1
[Robot_5] Dug 0.080m → Payload: 0.36m³
[PATH/CHECK] 3d.adapter :: sample_out_norm: nPts=1 last.x=0.000000 last.y=0.000000
[PATH/CHECK] 3d.adapter :: mapped_world: nPts=1 last=(-2.622,0.000,-3.452)
[@CharacterBody3D@78] Final waypoint reached — forcing done (skipping align). finalAim=(-0.42805693, 0, -0.90375173) lastGear=1
[Robot_5] Dug 0.080m → Payload: 0.40m³
[PATH/CHECK] 3d.adapter :: sample_out_norm: nPts=1 last.x=0.000000 last.y=0.000000
[PATH/CHECK] 3d.adapter :: mapped_world: nPts=1 last=(-2.622,0.000,-3.452)
[@CharacterBody3D@78] Final waypoint reached — forcing done (skipping align). finalAim=(-0.42805693, 0, -0.90375173) lastGear=1
[Robot_5] Dug 0.080m → Payload: 0.44m³
[PATH/CHECK] 3d.adapter :: sample_out_norm: nPts=1 last.x=0.000000 last.y=0.000000
[PATH/CHECK] 3d.adapter :: mapped_world: nPts=1 last=(-2.622,0.000,-3.452)
[@CharacterBody3D@78] Final waypoint reached — forcing done (skipping align). finalAim=(-0.42805693, 0, -0.90375173) lastGear=1
[Robot_5] Dug 0.080m → Payload: 0.48m³
[PATH/CHECK] 3d.adapter :: sample_out_norm: nPts=1 last.x=0.000000 last.y=0.000000
[PATH/CHECK] 3d.adapter :: mapped_world: nPts=1 last=(-2.622,0.000,-3.452)
[@CharacterBody3D@78] Final waypoint reached — forcing done (skipping align). finalAim=(-0.42805693, 0, -0.90375173) lastGear=1
[Robot_5] Dug 0.080m → Payload: 0.50m³
[Robot_5] ▌▌▌ FULL (0.50m³ / 0.5m³), heading home
[PATH/CHECK] 3d.adapter :: sample_out_norm: nPts=28 last.x=-2.359000 last.y=0.218921
[PATH/CHECK] 3d.adapter :: mapped_world: nPts=28 last=(-1.414,0.000,-1.414)
[@CharacterBody3D@67] Final waypoint reached — forcing done (skipping align). finalAim=(0.09715841, 0, 0.9952689) lastGear=1
[Robot_4] ✓✓✓ DUMPED 0.50m³ at (-2.0, -0.1) - Total: 3.50m³
[@CharacterBody3D@67] LocalRecovery: climbing 0.20m toward (-1, -0, -0), path=(-2.7927184, 0, -0.11779378),(-3.5927184, 0, -0.11779378)
[@CharacterBody3D@100] Final waypoint reached — forcing done (skipping align). finalAim=(0, 0, -1) lastGear=1
[PATH/CHECK] 3d.adapter :: sample_out_norm: nPts=1 last.x=0.000000 last.y=0.000000
[PATH/CHECK] 3d.adapter :: mapped_world: nPts=1 last=(1.524,0.000,-1.335)
[@CharacterBody3D@100] Final waypoint reached — forcing done (skipping align). finalAim=(-0.020911535, 0, -0.99978137) lastGear=1
[Robot_7] Dug 0.080m → Payload: 0.04m³
[PATH/CHECK] 3d.adapter :: sample_out_norm: nPts=1 last.x=0.000000 last.y=0.000000
[PATH/CHECK] 3d.adapter :: mapped_world: nPts=1 last=(1.524,0.000,-1.335)
[@CharacterBody3D@100] Final waypoint reached — forcing done (skipping align). finalAim=(-0.020911535, 0, -0.99978137) lastGear=1
[Robot_7] Dug 0.080m → Payload: 0.08m³
[PATH/CHECK] 3d.adapter :: sample_out_norm: nPts=1 last.x=0.000000 last.y=0.000000
[PATH/CHECK] 3d.adapter :: mapped_world: nPts=1 last=(1.524,0.000,-1.335)
[@CharacterBody3D@100] Final waypoint reached — forcing done (skipping align). finalAim=(-0.020911535, 0, -0.99978137) lastGear=1
[Robot_7] Dug 0.080m → Payload: 0.12m³
[PATH/CHECK] 3d.adapter :: sample_out_norm: nPts=1 last.x=0.000000 last.y=0.000000
[PATH/CHECK] 3d.adapter :: mapped_world: nPts=1 last=(1.524,0.000,-1.335)
[@CharacterBody3D@100] Final waypoint reached — forcing done (skipping align). finalAim=(-0.020911535, 0, -0.99978137) lastGear=1
[Robot_7] Dug 0.080m → Payload: 0.16m³
[PATH/CHECK] 3d.adapter :: sample_out_norm: nPts=1 last.x=0.000000 last.y=0.000000
[PATH/CHECK] 3d.adapter :: mapped_world: nPts=1 last=(1.524,0.000,-1.335)
[@CharacterBody3D@100] Final waypoint reached — forcing done (skipping align). finalAim=(-0.020911535, 0, -0.99978137) lastGear=1
[Robot_7] Dug 0.080m → Payload: 0.20m³
[PATH/CHECK] 3d.adapter :: sample_out_norm: nPts=1 last.x=0.000000 last.y=0.000000
[PATH/CHECK] 3d.adapter :: mapped_world: nPts=1 last=(1.524,0.000,-1.335)
[@CharacterBody3D@100] Final waypoint reached — forcing done (skipping align). finalAim=(-0.020911535, 0, -0.99978137) lastGear=1
[Robot_7] Dug 0.080m → Payload: 0.24m³
[PATH/CHECK] 3d.adapter :: sample_out_norm: nPts=1 last.x=0.000000 last.y=0.000000
[PATH/CHECK] 3d.adapter :: mapped_world: nPts=1 last=(1.524,0.000,-1.335)
[@CharacterBody3D@100] Final waypoint reached — forcing done (skipping align). finalAim=(-0.020911535, 0, -0.99978137) lastGear=1
[Robot_7] Dug 0.080m → Payload: 0.28m³
[PATH/CHECK] 3d.adapter :: sample_out_norm: nPts=1 last.x=0.000000 last.y=0.000000
[PATH/CHECK] 3d.adapter :: mapped_world: nPts=1 last=(1.524,0.000,-1.335)
[@CharacterBody3D@100] Final waypoint reached — forcing done (skipping align). finalAim=(-0.020911535, 0, -0.99978137) lastGear=1
[Robot_7] Dug 0.080m → Payload: 0.32m³
[PATH/CHECK] 3d.adapter :: sample_out_norm: nPts=1 last.x=0.000000 last.y=0.000000
[PATH/CHECK] 3d.adapter :: mapped_world: nPts=1 last=(1.524,0.000,-1.335)
[@CharacterBody3D@100] Final waypoint reached — forcing done (skipping align). finalAim=(-0.020911535, 0, -0.99978137) lastGear=1
[Robot_7] Dug 0.080m → Payload: 0.36m³
[PATH/CHECK] 3d.adapter :: sample_out_norm: nPts=1 last.x=0.000000 last.y=0.000000
[PATH/CHECK] 3d.adapter :: mapped_world: nPts=1 last=(1.524,0.000,-1.335)
[@CharacterBody3D@100] Final waypoint reached — forcing done (skipping align). finalAim=(-0.020911535, 0, -0.99978137) lastGear=1
[Robot_7] Dug 0.080m → Payload: 0.40m³
[PATH/CHECK] 3d.adapter :: sample_out_norm: nPts=1 last.x=0.000000 last.y=0.000000
[PATH/CHECK] 3d.adapter :: mapped_world: nPts=1 last=(1.524,0.000,-1.335)
[@CharacterBody3D@100] Final waypoint reached — forcing done (skipping align). finalAim=(-0.020911535, 0, -0.99978137) lastGear=1
[Robot_7] Dug 0.080m → Payload: 0.44m³
[PATH/CHECK] 3d.adapter :: sample_out_norm: nPts=1 last.x=0.000000 last.y=0.000000
[PATH/CHECK] 3d.adapter :: mapped_world: nPts=1 last=(1.524,0.000,-1.335)
[@CharacterBody3D@100] Final waypoint reached — forcing done (skipping align). finalAim=(-0.020911535, 0, -0.99978137) lastGear=1
[Robot_7] Dug 0.080m → Payload: 0.48m³
[PATH/CHECK] 3d.adapter :: sample_out_norm: nPts=1 last.x=0.000000 last.y=0.000000
[PATH/CHECK] 3d.adapter :: mapped_world: nPts=1 last=(1.524,0.000,-1.335)
[@CharacterBody3D@100] Final waypoint reached — forcing done (skipping align). finalAim=(-0.020911535, 0, -0.99978137) lastGear=1
[Robot_7] Dug 0.080m → Payload: 0.50m³
[Robot_7] ▌▌▌ FULL (0.50m³ / 0.5m³), heading home
[PATH/CHECK] 3d.adapter :: sample_out_norm: nPts=24 last.x=0.081136 last.y=-0.107903
[PATH/CHECK] 3d.adapter :: mapped_world: nPts=24 last=(1.414,0.000,-1.414)
[@CharacterBody3D@67] Final waypoint reached — forcing done (skipping align). finalAim=(1, 0, 0) lastGear=1
[@CharacterBody3D@89] Final waypoint reached — forcing done (skipping align). finalAim=(-0.8555727, 0, -0.5176826) lastGear=1
[Robot_6] Dug 0.080m → Payload: 0.04m³
[PATH/CHECK] 3d.adapter :: sample_out_norm: nPts=13 last.x=2.192429 last.y=1.201355
[PATH/CHECK] 3d.adapter :: mapped_world: nPts=13 last=(-3.200,0.000,-5.329)
[PATH/CHECK] 3d.adapter :: sample_out_norm: nPts=23 last.x=4.515182 last.y=2.147821
[PATH/CHECK] 3d.adapter :: mapped_world: nPts=23 last=(-1.804,0.000,-2.072)
[@CharacterBody3D@89] Final waypoint reached — forcing done (skipping align). finalAim=(-0.47256827, 0, -0.881294) lastGear=1
[Robot_6] Dug 0.080m → Payload: 0.08m³
[@CharacterBody3D@100] Final waypoint reached — forcing done (skipping align). finalAim=(-0.87360126, 0, -0.4866424) lastGear=1
[Robot_7] ✓✓✓ DUMPED 0.50m³ at (1.5, -1.4) - Total: 4.00m³
[@CharacterBody3D@100] LocalRecovery: climbing 0.21m toward (-0, -0, 1), path=(1.5216316, 0, -0.5701147),(1.5216316, 0, 0.22988534)
[@CharacterBody3D@78] Final waypoint reached — forcing done (skipping align). finalAim=(0.47899812, 0, 0.87781596) lastGear=1
[Robot_5] ✓✓✓ DUMPED 0.50m³ at (-1.5, -1.5) - Total: 4.50m³
[PATH/CHECK] 3d.adapter :: sample_out_norm: nPts=1 last.x=0.000000 last.y=0.000000
[PATH/CHECK] 3d.adapter :: mapped_world: nPts=1 last=(-1.452,0.000,-1.526)
[@CharacterBody3D@78] Final waypoint reached — forcing done (skipping align). finalAim=(0.4703032, 0, 0.88250494) lastGear=1
[Robot_5] Dug 0.080m → Payload: 0.04m³
[PATH/CHECK] 3d.adapter :: sample_out_norm: nPts=1 last.x=0.000000 last.y=0.000000
[PATH/CHECK] 3d.adapter :: mapped_world: nPts=1 last=(-1.452,0.000,-1.526)
[@CharacterBody3D@78] Final waypoint reached — forcing done (skipping align). finalAim=(0.4703032, 0, 0.88250494) lastGear=1
[Robot_5] Dug 0.080m → Payload: 0.08m³
[PATH/CHECK] 3d.adapter :: sample_out_norm: nPts=1 last.x=0.000000 last.y=0.000000
[PATH/CHECK] 3d.adapter :: mapped_world: nPts=1 last=(-1.452,0.000,-1.526)
[@CharacterBody3D@78] Final waypoint reached — forcing done (skipping align). finalAim=(0.4703032, 0, 0.88250494) lastGear=1
[Robot_5] Dug 0.080m → Payload: 0.12m³
[PATH/CHECK] 3d.adapter :: sample_out_norm: nPts=1 last.x=0.000000 last.y=0.000000
[PATH/CHECK] 3d.adapter :: mapped_world: nPts=1 last=(-1.452,0.000,-1.526)
[@CharacterBody3D@78] Final waypoint reached — forcing done (skipping align). finalAim=(0.4703032, 0, 0.88250494) lastGear=1
[Robot_5] Dug 0.080m → Payload: 0.16m³
[PATH/CHECK] 3d.adapter :: sample_out_norm: nPts=1 last.x=0.000000 last.y=0.000000
[PATH/CHECK] 3d.adapter :: mapped_world: nPts=1 last=(-1.452,0.000,-1.526)
[@CharacterBody3D@78] Final waypoint reached — forcing done (skipping align). finalAim=(0.4703032, 0, 0.88250494) lastGear=1
[Robot_5] Dug 0.080m → Payload: 0.20m³
[PATH/CHECK] 3d.adapter :: sample_out_norm: nPts=1 last.x=0.000000 last.y=0.000000
[PATH/CHECK] 3d.adapter :: mapped_world: nPts=1 last=(-1.452,0.000,-1.526)
[@CharacterBody3D@78] Final waypoint reached — forcing done (skipping align). finalAim=(0.4703032, 0, 0.88250494) lastGear=1
[Robot_5] Dug 0.080m → Payload: 0.24m³
[PATH/CHECK] 3d.adapter :: sample_out_norm: nPts=1 last.x=0.000000 last.y=0.000000
[PATH/CHECK] 3d.adapter :: mapped_world: nPts=1 last=(-1.452,0.000,-1.526)
[@CharacterBody3D@78] Final waypoint reached — forcing done (skipping align). finalAim=(0.4703032, 0, 0.88250494) lastGear=1
[Robot_5] Dug 0.080m → Payload: 0.28m³
[PATH/CHECK] 3d.adapter :: sample_out_norm: nPts=1 last.x=0.000000 last.y=0.000000
[PATH/CHECK] 3d.adapter :: mapped_world: nPts=1 last=(-1.452,0.000,-1.526)
[@CharacterBody3D@78] Final waypoint reached — forcing done (skipping align). finalAim=(0.4703032, 0, 0.88250494) lastGear=1
[Robot_5] Dug 0.080m → Payload: 0.32m³
[PATH/CHECK] 3d.adapter :: sample_out_norm: nPts=1 last.x=0.000000 last.y=0.000000
[PATH/CHECK] 3d.adapter :: mapped_world: nPts=1 last=(-1.452,0.000,-1.526)
[@CharacterBody3D@78] Final waypoint reached — forcing done (skipping align). finalAim=(0.4703032, 0, 0.88250494) lastGear=1
[Robot_5] Dug 0.080m → Payload: 0.36m³
[PATH/CHECK] 3d.adapter :: sample_out_norm: nPts=1 last.x=0.000000 last.y=0.000000
[PATH/CHECK] 3d.adapter :: mapped_world: nPts=1 last=(-1.452,0.000,-1.526)
[@CharacterBody3D@78] Final waypoint reached — forcing done (skipping align). finalAim=(0.4703032, 0, 0.88250494) lastGear=1
[Robot_5] Dug 0.080m → Payload: 0.40m³
[PATH/CHECK] 3d.adapter :: sample_out_norm: nPts=1 last.x=0.000000 last.y=0.000000
[PATH/CHECK] 3d.adapter :: mapped_world: nPts=1 last=(-1.452,0.000,-1.526)
[@CharacterBody3D@78] Final waypoint reached — forcing done (skipping align). finalAim=(0.4703032, 0, 0.88250494) lastGear=1
[Robot_5] Dug 0.080m → Payload: 0.44m³
[PATH/CHECK] 3d.adapter :: sample_out_norm: nPts=1 last.x=0.000000 last.y=0.000000
[PATH/CHECK] 3d.adapter :: mapped_world: nPts=1 last=(-1.452,0.000,-1.526)
[@CharacterBody3D@78] Final waypoint reached — forcing done (skipping align). finalAim=(0.4703032, 0, 0.88250494) lastGear=1
[Robot_5] Dug 0.080m → Payload: 0.48m³
[PATH/CHECK] 3d.adapter :: sample_out_norm: nPts=1 last.x=0.000000 last.y=0.000000
[PATH/CHECK] 3d.adapter :: mapped_world: nPts=1 last=(-1.452,0.000,-1.526)
[@CharacterBody3D@78] Final waypoint reached — forcing done (skipping align). finalAim=(0.4703032, 0, 0.88250494) lastGear=1
[Robot_5] Dug 0.080m → Payload: 0.50m³
[Robot_5] ▌▌▌ FULL (0.50m³ / 0.5m³), heading home
[PATH/CHECK] 3d.adapter :: sample_out_norm: nPts=5 last.x=0.116914 last.y=0.019156
[PATH/CHECK] 3d.adapter :: mapped_world: nPts=5 last=(-1.414,0.000,-1.414)
[@CharacterBody3D@78] Final waypoint reached — forcing done (skipping align). finalAim=(0.36900645, -0, 0.92942685) lastGear=-1
[Robot_5] ✓✓✓ DUMPED 0.50m³ at (-1.4, -1.4) - Total: 5.00m³
[Vehicle] Final waypoint reached — forcing done (skipping align). finalAim=(-0.99994326, 0, -0.01065031) lastGear=1
[Robot_0] Dug 0.080m → Payload: 0.16m³
[PATH/CHECK] 3d.adapter :: sample_out_norm: nPts=13 last.x=1.277979 last.y=2.148667
[PATH/CHECK] 3d.adapter :: mapped_world: nPts=13 last=(-2.937,0.000,-4.235)
[@CharacterBody3D@100] Final waypoint reached — forcing done (skipping align). finalAim=(0, 0, -1) lastGear=1
[Vehicle] Final waypoint reached — forcing done (skipping align). finalAim=(-0.4481546, 0, -0.893956) lastGear=1
[Robot_0] Dug 0.080m → Payload: 0.20m³
[PATH/CHECK] 3d.adapter :: sample_out_norm: nPts=1 last.x=0.000000 last.y=0.000000
[PATH/CHECK] 3d.adapter :: mapped_world: nPts=1 last=(-2.896,0.000,-4.123)
[PATH/CHECK] 3d.adapter :: sample_out_norm: nPts=43 last.x=-2.924086 last.y=-4.055826
[PATH/CHECK] 3d.adapter :: mapped_world: nPts=43 last=(-2.942,0.000,-3.454)
[Vehicle] Final waypoint reached — forcing done (skipping align). finalAim=(-0.44532406, 0, -0.89536947) lastGear=1
[Robot_0] Dug 0.080m → Payload: 0.24m³
[PATH/CHECK] 3d.adapter :: sample_out_norm: nPts=1 last.x=0.000000 last.y=0.000000
[PATH/CHECK] 3d.adapter :: mapped_world: nPts=1 last=(-2.896,0.000,-4.123)
[Vehicle] Final waypoint reached — forcing done (skipping align). finalAim=(-0.44532406, 0, -0.89536947) lastGear=1
[Robot_0] Dug 0.080m → Payload: 0.28m³
[PATH/CHECK] 3d.adapter :: sample_out_norm: nPts=1 last.x=0.000000 last.y=0.000000
[PATH/CHECK] 3d.adapter :: mapped_world: nPts=1 last=(-2.896,0.000,-4.123)
[Vehicle] Final waypoint reached — forcing done (skipping align). finalAim=(-0.44532406, 0, -0.89536947) lastGear=1
[Robot_0] Dug 0.080m → Payload: 0.32m³
[PATH/CHECK] 3d.adapter :: sample_out_norm: nPts=1 last.x=0.000000 last.y=0.000000
[PATH/CHECK] 3d.adapter :: mapped_world: nPts=1 last=(-2.896,0.000,-4.123)
[Vehicle] Final waypoint reached — forcing done (skipping align). finalAim=(-0.44532406, 0, -0.89536947) lastGear=1
[Robot_0] Dug 0.080m → Payload: 0.36m³
[PATH/CHECK] 3d.adapter :: sample_out_norm: nPts=1 last.x=0.000000 last.y=0.000000
[PATH/CHECK] 3d.adapter :: mapped_world: nPts=1 last=(-2.896,0.000,-4.123)
[Vehicle] Final waypoint reached — forcing done (skipping align). finalAim=(-0.44532406, 0, -0.89536947) lastGear=1
[Robot_0] Dug 0.080m → Payload: 0.40m³
[PATH/CHECK] 3d.adapter :: sample_out_norm: nPts=1 last.x=0.000000 last.y=0.000000
[PATH/CHECK] 3d.adapter :: mapped_world: nPts=1 last=(-2.896,0.000,-4.123)
[Vehicle] Final waypoint reached — forcing done (skipping align). finalAim=(-0.44532406, 0, -0.89536947) lastGear=1
[Robot_0] Dug 0.080m → Payload: 0.44m³
[PATH/CHECK] 3d.adapter :: sample_out_norm: nPts=1 last.x=0.000000 last.y=0.000000
[PATH/CHECK] 3d.adapter :: mapped_world: nPts=1 last=(-2.896,0.000,-4.123)
[Vehicle] Final waypoint reached — forcing done (skipping align). finalAim=(-0.44532406, 0, -0.89536947) lastGear=1
[Robot_0] Dug 0.080m → Payload: 0.48m³
[PATH/CHECK] 3d.adapter :: sample_out_norm: nPts=1 last.x=0.000000 last.y=0.000000
[PATH/CHECK] 3d.adapter :: mapped_world: nPts=1 last=(-2.896,0.000,-4.123)
[Vehicle] Final waypoint reached — forcing done (skipping align). finalAim=(-0.44532406, 0, -0.89536947) lastGear=1
[Robot_0] Dug 0.080m → Payload: 0.50m³
[Robot_0] ▌▌▌ FULL (0.50m³ / 0.5m³), heading home
[PATH/CHECK] 3d.adapter :: sample_out_norm: nPts=39 last.x=-5.871451 last.y=2.547615
[PATH/CHECK] 3d.adapter :: mapped_world: nPts=39 last=(2.000,0.000,0.000)
[Vehicle] Final waypoint reached — forcing done (skipping align). finalAim=(0.73993033, 0, 0.67268354) lastGear=1
[Robot_0] ✓✓✓ DUMPED 0.50m³ at (1.9, -0.1) - Total: 5.50m³
[@CharacterBody3D@34] Final waypoint reached — forcing done (skipping align). finalAim=(-0.8732128, 0, 0.48733914) lastGear=1
[Robot_1] Dug 0.080m → Payload: 0.08m³
[PATH/CHECK] 3d.adapter :: sample_out_norm: nPts=19 last.x=-1.412759 last.y=-2.062550
[PATH/CHECK] 3d.adapter :: mapped_world: nPts=19 last=(-0.665,0.000,-2.246)
[PATH/CHECK] 3d.adapter :: sample_out_norm: nPts=27 last.x=-2.460516 last.y=0.442563
[PATH/CHECK] 3d.adapter :: mapped_world: nPts=27 last=(-2.638,0.000,-3.523)
[@CharacterBody3D@34] Final waypoint reached — forcing done (skipping align). finalAim=(0.87507445, 0, 0.48398829) lastGear=1
[Robot_1] Dug 0.080m → Payload: 0.12m³
[PATH/CHECK] 3d.adapter :: sample_out_norm: nPts=1 last.x=0.000000 last.y=0.000000
[PATH/CHECK] 3d.adapter :: mapped_world: nPts=1 last=(-0.779,0.000,-2.283)
[@CharacterBody3D@34] Final waypoint reached — forcing done (skipping align). finalAim=(0.8942806, 0, 0.44750673) lastGear=1
[Robot_1] Dug 0.080m → Payload: 0.16m³
[PATH/CHECK] 3d.adapter :: sample_out_norm: nPts=1 last.x=0.000000 last.y=0.000000
[PATH/CHECK] 3d.adapter :: mapped_world: nPts=1 last=(-0.779,0.000,-2.283)
[@CharacterBody3D@34] Final waypoint reached — forcing done (skipping align). finalAim=(0.8942806, 0, 0.44750673) lastGear=1
[Robot_1] Dug 0.080m → Payload: 0.20m³
[PATH/CHECK] 3d.adapter :: sample_out_norm: nPts=1 last.x=0.000000 last.y=0.000000
[PATH/CHECK] 3d.adapter :: mapped_world: nPts=1 last=(-0.779,0.000,-2.283)
[@CharacterBody3D@34] Final waypoint reached — forcing done (skipping align). finalAim=(0.8942806, 0, 0.44750673) lastGear=1
[Robot_1] Dug 0.080m → Payload: 0.24m³
[PATH/CHECK] 3d.adapter :: sample_out_norm: nPts=1 last.x=0.000000 last.y=0.000000
[PATH/CHECK] 3d.adapter :: mapped_world: nPts=1 last=(-0.779,0.000,-2.283)
[@CharacterBody3D@34] Final waypoint reached — forcing done (skipping align). finalAim=(0.8942806, 0, 0.44750673) lastGear=1
[Robot_1] Dug 0.080m → Payload: 0.28m³
[PATH/CHECK] 3d.adapter :: sample_out_norm: nPts=1 last.x=0.000000 last.y=0.000000
[PATH/CHECK] 3d.adapter :: mapped_world: nPts=1 last=(-0.779,0.000,-2.283)
[@CharacterBody3D@34] Final waypoint reached — forcing done (skipping align). finalAim=(0.8942806, 0, 0.44750673) lastGear=1
[Robot_1] Dug 0.080m → Payload: 0.32m³
[PATH/CHECK] 3d.adapter :: sample_out_norm: nPts=1 last.x=0.000000 last.y=0.000000
[PATH/CHECK] 3d.adapter :: mapped_world: nPts=1 last=(-0.779,0.000,-2.283)
[@CharacterBody3D@34] Final waypoint reached — forcing done (skipping align). finalAim=(0.8942806, 0, 0.44750673) lastGear=1
[Robot_1] Dug 0.080m → Payload: 0.36m³
[PATH/CHECK] 3d.adapter :: sample_out_norm: nPts=1 last.x=0.000000 last.y=0.000000
[PATH/CHECK] 3d.adapter :: mapped_world: nPts=1 last=(-0.779,0.000,-2.283)
[@CharacterBody3D@34] Final waypoint reached — forcing done (skipping align). finalAim=(0.8942806, 0, 0.44750673) lastGear=1
[Robot_1] Dug 0.080m → Payload: 0.40m³
[PATH/CHECK] 3d.adapter :: sample_out_norm: nPts=1 last.x=0.000000 last.y=0.000000
[PATH/CHECK] 3d.adapter :: mapped_world: nPts=1 last=(-0.779,0.000,-2.283)
[@CharacterBody3D@34] Final waypoint reached — forcing done (skipping align). finalAim=(0.8942806, 0, 0.44750673) lastGear=1
[Robot_1] Dug 0.080m → Payload: 0.44m³
[PATH/CHECK] 3d.adapter :: sample_out_norm: nPts=1 last.x=0.000000 last.y=0.000000
[PATH/CHECK] 3d.adapter :: mapped_world: nPts=1 last=(-0.779,0.000,-2.283)
[@CharacterBody3D@34] Final waypoint reached — forcing done (skipping align). finalAim=(0.8942806, 0, 0.44750673) lastGear=1
[Robot_1] Dug 0.080m → Payload: 0.48m³
[PATH/CHECK] 3d.adapter :: sample_out_norm: nPts=1 last.x=0.000000 last.y=0.000000
[PATH/CHECK] 3d.adapter :: mapped_world: nPts=1 last=(-0.779,0.000,-2.283)
[@CharacterBody3D@34] Final waypoint reached — forcing done (skipping align). finalAim=(0.8942806, 0, 0.44750673) lastGear=1
[Robot_1] Dug 0.080m → Payload: 0.50m³
[Robot_1] ▌▌▌ FULL (0.50m³ / 0.5m³), heading home
[PATH/CHECK] 3d.adapter :: sample_out_norm: nPts=20 last.x=3.615752 last.y=2.324457
[PATH/CHECK] 3d.adapter :: mapped_world: nPts=20 last=(1.414,0.000,1.414)
[@CharacterBody3D@78] Final waypoint reached — forcing done (skipping align). finalAim=(-0.4868087, 0, -0.87350863) lastGear=1
[Robot_5] Dug 0.080m → Payload: 0.04m³
[PATH/CHECK] 3d.adapter :: sample_out_norm: nPts=1 last.x=0.000000 last.y=0.000000
[PATH/CHECK] 3d.adapter :: mapped_world: nPts=1 last=(-2.602,0.000,-3.409)
[PATH/CHECK] 3d.adapter :: sample_out_norm: nPts=31 last.x=-2.187912 last.y=-1.209564
[PATH/CHECK] 3d.adapter :: mapped_world: nPts=31 last=(-3.147,0.000,-2.724)
[@CharacterBody3D@78] Final waypoint reached — forcing done (skipping align). finalAim=(-0.43081516, 0, -0.9024402) lastGear=1
[Robot_5] Dug 0.080m → Payload: 0.08m³
[PATH/CHECK] 3d.adapter :: sample_out_norm: nPts=1 last.x=0.000000 last.y=0.000000
[PATH/CHECK] 3d.adapter :: mapped_world: nPts=1 last=(-2.602,0.000,-3.409)
[@CharacterBody3D@78] Final waypoint reached — forcing done (skipping align). finalAim=(-0.43081516, 0, -0.9024402) lastGear=1
[Robot_5] Dug 0.080m → Payload: 0.12m³
[PATH/CHECK] 3d.adapter :: sample_out_norm: nPts=1 last.x=0.000000 last.y=0.000000
[PATH/CHECK] 3d.adapter :: mapped_world: nPts=1 last=(-2.602,0.000,-3.409)
[@CharacterBody3D@78] Final waypoint reached — forcing done (skipping align). finalAim=(-0.43081516, 0, -0.9024402) lastGear=1
[Robot_5] Dug 0.080m → Payload: 0.16m³
[PATH/CHECK] 3d.adapter :: sample_out_norm: nPts=1 last.x=0.000000 last.y=0.000000
[PATH/CHECK] 3d.adapter :: mapped_world: nPts=1 last=(-2.602,0.000,-3.409)
[@CharacterBody3D@78] Final waypoint reached — forcing done (skipping align). finalAim=(-0.43081516, 0, -0.9024402) lastGear=1
[Robot_5] Dug 0.080m → Payload: 0.20m³
[PATH/CHECK] 3d.adapter :: sample_out_norm: nPts=1 last.x=0.000000 last.y=0.000000
[PATH/CHECK] 3d.adapter :: mapped_world: nPts=1 last=(-2.602,0.000,-3.409)
[@CharacterBody3D@78] Final waypoint reached — forcing done (skipping align). finalAim=(-0.43081516, 0, -0.9024402) lastGear=1
[Robot_5] Dug 0.080m → Payload: 0.24m³
[PATH/CHECK] 3d.adapter :: sample_out_norm: nPts=1 last.x=0.000000 last.y=0.000000
[PATH/CHECK] 3d.adapter :: mapped_world: nPts=1 last=(-2.602,0.000,-3.409)
[@CharacterBody3D@78] Final waypoint reached — forcing done (skipping align). finalAim=(-0.43081516, 0, -0.9024402) lastGear=1
[Robot_5] Dug 0.080m → Payload: 0.28m³
[PATH/CHECK] 3d.adapter :: sample_out_norm: nPts=1 last.x=0.000000 last.y=0.000000
[PATH/CHECK] 3d.adapter :: mapped_world: nPts=1 last=(-2.602,0.000,-3.409)
[@CharacterBody3D@78] Final waypoint reached — forcing done (skipping align). finalAim=(-0.43081516, 0, -0.9024402) lastGear=1
[Robot_5] Dug 0.080m → Payload: 0.32m³
[PATH/CHECK] 3d.adapter :: sample_out_norm: nPts=1 last.x=0.000000 last.y=0.000000
[PATH/CHECK] 3d.adapter :: mapped_world: nPts=1 last=(-2.602,0.000,-3.409)
[@CharacterBody3D@78] Final waypoint reached — forcing done (skipping align). finalAim=(-0.43081516, 0, -0.9024402) lastGear=1
[Robot_5] Dug 0.080m → Payload: 0.36m³
[PATH/CHECK] 3d.adapter :: sample_out_norm: nPts=1 last.x=0.000000 last.y=0.000000
[PATH/CHECK] 3d.adapter :: mapped_world: nPts=1 last=(-2.602,0.000,-3.409)
[@CharacterBody3D@78] Final waypoint reached — forcing done (skipping align). finalAim=(-0.43081516, 0, -0.9024402) lastGear=1
[Robot_5] Dug 0.080m → Payload: 0.40m³
[PATH/CHECK] 3d.adapter :: sample_out_norm: nPts=1 last.x=0.000000 last.y=0.000000
[PATH/CHECK] 3d.adapter :: mapped_world: nPts=1 last=(-2.602,0.000,-3.409)
[@CharacterBody3D@78] Final waypoint reached — forcing done (skipping align). finalAim=(-0.43081516, 0, -0.9024402) lastGear=1
[Robot_5] Dug 0.080m → Payload: 0.44m³
[PATH/CHECK] 3d.adapter :: sample_out_norm: nPts=1 last.x=0.000000 last.y=0.000000
[PATH/CHECK] 3d.adapter :: mapped_world: nPts=1 last=(-2.602,0.000,-3.409)
[@CharacterBody3D@78] Final waypoint reached — forcing done (skipping align). finalAim=(-0.43081516, 0, -0.9024402) lastGear=1
[Robot_5] Dug 0.080m → Payload: 0.48m³
[PATH/CHECK] 3d.adapter :: sample_out_norm: nPts=1 last.x=0.000000 last.y=0.000000
[PATH/CHECK] 3d.adapter :: mapped_world: nPts=1 last=(-2.602,0.000,-3.409)
[@CharacterBody3D@78] Final waypoint reached — forcing done (skipping align). finalAim=(-0.43081516, 0, -0.9024402) lastGear=1
[Robot_5] Dug 0.080m → Payload: 0.50m³
[Robot_5] ▌▌▌ FULL (0.50m³ / 0.5m³), heading home
[PATH/CHECK] 3d.adapter :: sample_out_norm: nPts=27 last.x=-2.311778 last.y=0.212805
[PATH/CHECK] 3d.adapter :: mapped_world: nPts=27 last=(-1.414,0.000,-1.414)
[@CharacterBody3D@34] Final waypoint reached — forcing done (skipping align). finalAim=(0.4917633, 0, 0.8707289) lastGear=1
[Robot_1] ✓✓✓ DUMPED 0.50m³ at (1.4, 1.3) - Total: 6.00m³
[PATH/CHECK] 3d.adapter :: sample_out_norm: nPts=1 last.x=0.000000 last.y=0.000000
[PATH/CHECK] 3d.adapter :: mapped_world: nPts=1 last=(1.359,0.000,1.313)
[@CharacterBody3D@34] Final waypoint reached — forcing done (skipping align). finalAim=(0.49285752, 0, 0.87011003) lastGear=1
[Robot_1] Dug 0.080m → Payload: 0.04m³
[PATH/CHECK] 3d.adapter :: sample_out_norm: nPts=1 last.x=0.000000 last.y=0.000000
[PATH/CHECK] 3d.adapter :: mapped_world: nPts=1 last=(1.359,0.000,1.313)
[@CharacterBody3D@34] Final waypoint reached — forcing done (skipping align). finalAim=(0.49285752, 0, 0.87011003) lastGear=1
[Robot_1] Dug 0.080m → Payload: 0.08m³
[PATH/CHECK] 3d.adapter :: sample_out_norm: nPts=1 last.x=0.000000 last.y=0.000000
[PATH/CHECK] 3d.adapter :: mapped_world: nPts=1 last=(1.359,0.000,1.313)
[@CharacterBody3D@34] Final waypoint reached — forcing done (skipping align). finalAim=(0.49285752, 0, 0.87011003) lastGear=1
[Robot_1] Dug 0.080m → Payload: 0.12m³
[PATH/CHECK] 3d.adapter :: sample_out_norm: nPts=1 last.x=0.000000 last.y=0.000000
[PATH/CHECK] 3d.adapter :: mapped_world: nPts=1 last=(1.359,0.000,1.313)
[@CharacterBody3D@34] Final waypoint reached — forcing done (skipping align). finalAim=(0.49285752, 0, 0.87011003) lastGear=1
[Robot_1] Dug 0.080m → Payload: 0.16m³
[PATH/CHECK] 3d.adapter :: sample_out_norm: nPts=1 last.x=0.000000 last.y=0.000000
[PATH/CHECK] 3d.adapter :: mapped_world: nPts=1 last=(1.359,0.000,1.313)
[@CharacterBody3D@34] Final waypoint reached — forcing done (skipping align). finalAim=(0.49285752, 0, 0.87011003) lastGear=1
[Robot_1] Dug 0.080m → Payload: 0.20m³
[PATH/CHECK] 3d.adapter :: sample_out_norm: nPts=1 last.x=0.000000 last.y=0.000000
[PATH/CHECK] 3d.adapter :: mapped_world: nPts=1 last=(1.359,0.000,1.313)
[@CharacterBody3D@34] Final waypoint reached — forcing done (skipping align). finalAim=(0.49285752, 0, 0.87011003) lastGear=1
[Robot_1] Dug 0.080m → Payload: 0.24m³
[PATH/CHECK] 3d.adapter :: sample_out_norm: nPts=1 last.x=0.000000 last.y=0.000000
[PATH/CHECK] 3d.adapter :: mapped_world: nPts=1 last=(1.359,0.000,1.313)
[@CharacterBody3D@34] Final waypoint reached — forcing done (skipping align). finalAim=(0.49285752, 0, 0.87011003) lastGear=1
[Robot_1] Dug 0.080m → Payload: 0.28m³
[PATH/CHECK] 3d.adapter :: sample_out_norm: nPts=1 last.x=0.000000 last.y=0.000000
[PATH/CHECK] 3d.adapter :: mapped_world: nPts=1 last=(1.359,0.000,1.313)
[@CharacterBody3D@34] Final waypoint reached — forcing done (skipping align). finalAim=(0.49285752, 0, 0.87011003) lastGear=1
[Robot_1] Dug 0.080m → Payload: 0.32m³
[PATH/CHECK] 3d.adapter :: sample_out_norm: nPts=1 last.x=0.000000 last.y=0.000000
[PATH/CHECK] 3d.adapter :: mapped_world: nPts=1 last=(1.359,0.000,1.313)
[@CharacterBody3D@34] Final waypoint reached — forcing done (skipping align). finalAim=(0.49285752, 0, 0.87011003) lastGear=1
[Robot_1] Dug 0.080m → Payload: 0.36m³
[PATH/CHECK] 3d.adapter :: sample_out_norm: nPts=1 last.x=0.000000 last.y=0.000000
[PATH/CHECK] 3d.adapter :: mapped_world: nPts=1 last=(1.359,0.000,1.313)
[@CharacterBody3D@34] Final waypoint reached — forcing done (skipping align). finalAim=(0.49285752, 0, 0.87011003) lastGear=1
[Robot_1] Dug 0.080m → Payload: 0.40m³
[PATH/CHECK] 3d.adapter :: sample_out_norm: nPts=1 last.x=0.000000 last.y=0.000000
[PATH/CHECK] 3d.adapter :: mapped_world: nPts=1 last=(1.359,0.000,1.313)
[@CharacterBody3D@34] Final waypoint reached — forcing done (skipping align). finalAim=(0.49285752, 0, 0.87011003) lastGear=1
[Robot_1] Dug 0.080m → Payload: 0.44m³
[PATH/CHECK] 3d.adapter :: sample_out_norm: nPts=1 last.x=0.000000 last.y=0.000000
[PATH/CHECK] 3d.adapter :: mapped_world: nPts=1 last=(1.359,0.000,1.313)
[@CharacterBody3D@34] Final waypoint reached — forcing done (skipping align). finalAim=(0.49285752, 0, 0.87011003) lastGear=1
[Robot_1] Dug 0.080m → Payload: 0.48m³
[PATH/CHECK] 3d.adapter :: sample_out_norm: nPts=1 last.x=0.000000 last.y=0.000000
[PATH/CHECK] 3d.adapter :: mapped_world: nPts=1 last=(1.359,0.000,1.313)
[@CharacterBody3D@34] Final waypoint reached — forcing done (skipping align). finalAim=(0.49285752, 0, 0.87011003) lastGear=1
[Robot_1] Dug 0.080m → Payload: 0.50m³
[Robot_1] ▌▌▌ FULL (0.50m³ / 0.5m³), heading home
[PATH/CHECK] 3d.adapter :: sample_out_norm: nPts=4 last.x=0.115602 last.y=0.001960
[PATH/CHECK] 3d.adapter :: mapped_world: nPts=4 last=(1.414,0.000,1.414)
[@CharacterBody3D@34] Final waypoint reached — forcing done (skipping align). finalAim=(0.4773766, 0, 0.87869877) lastGear=1
[Robot_1] ✓✓✓ DUMPED 0.50m³ at (1.4, 1.3) - Total: 6.50m³
[PATH/CHECK] 3d.adapter :: sample_out_norm: nPts=1 last.x=0.000000 last.y=0.000000
[PATH/CHECK] 3d.adapter :: mapped_world: nPts=1 last=(1.366,0.000,1.326)
[@CharacterBody3D@34] Final waypoint reached — forcing done (skipping align). finalAim=(0.48627844, 0, 0.873804) lastGear=1
[Robot_1] Dug 0.080m → Payload: 0.04m³
[PATH/CHECK] 3d.adapter :: sample_out_norm: nPts=1 last.x=0.000000 last.y=0.000000
[PATH/CHECK] 3d.adapter :: mapped_world: nPts=1 last=(1.366,0.000,1.326)
[@CharacterBody3D@34] Final waypoint reached — forcing done (skipping align). finalAim=(0.48627844, 0, 0.873804) lastGear=1
[Robot_1] Dug 0.080m → Payload: 0.08m³
[PATH/CHECK] 3d.adapter :: sample_out_norm: nPts=1 last.x=0.000000 last.y=0.000000
[PATH/CHECK] 3d.adapter :: mapped_world: nPts=1 last=(1.366,0.000,1.326)
[@CharacterBody3D@34] Final waypoint reached — forcing done (skipping align). finalAim=(0.48627844, 0, 0.873804) lastGear=1
[Robot_1] Dug 0.080m → Payload: 0.12m³
[PATH/CHECK] 3d.adapter :: sample_out_norm: nPts=1 last.x=0.000000 last.y=0.000000
[PATH/CHECK] 3d.adapter :: mapped_world: nPts=1 last=(1.366,0.000,1.326)
[@CharacterBody3D@34] Final waypoint reached — forcing done (skipping align). finalAim=(0.48627844, 0, 0.873804) lastGear=1
[Robot_1] Dug 0.080m → Payload: 0.16m³
[PATH/CHECK] 3d.adapter :: sample_out_norm: nPts=1 last.x=0.000000 last.y=0.000000
[PATH/CHECK] 3d.adapter :: mapped_world: nPts=1 last=(1.366,0.000,1.326)
[@CharacterBody3D@34] Final waypoint reached — forcing done (skipping align). finalAim=(0.48627844, 0, 0.873804) lastGear=1
[Robot_1] Dug 0.080m → Payload: 0.20m³
[PATH/CHECK] 3d.adapter :: sample_out_norm: nPts=1 last.x=0.000000 last.y=0.000000
[PATH/CHECK] 3d.adapter :: mapped_world: nPts=1 last=(1.366,0.000,1.326)
[@CharacterBody3D@34] Final waypoint reached — forcing done (skipping align). finalAim=(0.48627844, 0, 0.873804) lastGear=1
[Robot_1] Dug 0.080m → Payload: 0.24m³
[PATH/CHECK] 3d.adapter :: sample_out_norm: nPts=1 last.x=0.000000 last.y=0.000000
[PATH/CHECK] 3d.adapter :: mapped_world: nPts=1 last=(1.366,0.000,1.326)
[@CharacterBody3D@34] Final waypoint reached — forcing done (skipping align). finalAim=(0.48627844, 0, 0.873804) lastGear=1
[Robot_1] Dug 0.080m → Payload: 0.28m³
[PATH/CHECK] 3d.adapter :: sample_out_norm: nPts=1 last.x=0.000000 last.y=0.000000
[PATH/CHECK] 3d.adapter :: mapped_world: nPts=1 last=(1.366,0.000,1.326)
[@CharacterBody3D@34] Final waypoint reached — forcing done (skipping align). finalAim=(0.48627844, 0, 0.873804) lastGear=1
[Robot_1] Dug 0.080m → Payload: 0.32m³
[PATH/CHECK] 3d.adapter :: sample_out_norm: nPts=1 last.x=0.000000 last.y=0.000000
[PATH/CHECK] 3d.adapter :: mapped_world: nPts=1 last=(1.366,0.000,1.326)
[@CharacterBody3D@34] Final waypoint reached — forcing done (skipping align). finalAim=(0.48627844, 0, 0.873804) lastGear=1
[Robot_1] Dug 0.080m → Payload: 0.36m³
[PATH/CHECK] 3d.adapter :: sample_out_norm: nPts=1 last.x=0.000000 last.y=0.000000
[PATH/CHECK] 3d.adapter :: mapped_world: nPts=1 last=(1.366,0.000,1.326)
[@CharacterBody3D@34] Final waypoint reached — forcing done (skipping align). finalAim=(0.48627844, 0, 0.873804) lastGear=1
[Robot_1] Dug 0.080m → Payload: 0.40m³
[PATH/CHECK] 3d.adapter :: sample_out_norm: nPts=1 last.x=0.000000 last.y=0.000000
[PATH/CHECK] 3d.adapter :: mapped_world: nPts=1 last=(1.366,0.000,1.326)
[@CharacterBody3D@34] Final waypoint reached — forcing done (skipping align). finalAim=(0.48627844, 0, 0.873804) lastGear=1
[Robot_1] Dug 0.080m → Payload: 0.44m³
[PATH/CHECK] 3d.adapter :: sample_out_norm: nPts=1 last.x=0.000000 last.y=0.000000
[PATH/CHECK] 3d.adapter :: mapped_world: nPts=1 last=(1.366,0.000,1.326)
[@CharacterBody3D@34] Final waypoint reached — forcing done (skipping align). finalAim=(0.48627844, 0, 0.873804) lastGear=1
[Robot_1] Dug 0.080m → Payload: 0.48m³
[PATH/CHECK] 3d.adapter :: sample_out_norm: nPts=1 last.x=0.000000 last.y=0.000000
[PATH/CHECK] 3d.adapter :: mapped_world: nPts=1 last=(1.366,0.000,1.326)
[@CharacterBody3D@34] Final waypoint reached — forcing done (skipping align). finalAim=(0.48627844, 0, 0.873804) lastGear=1
[Robot_1] Dug 0.080m → Payload: 0.50m³
[Robot_1] ▌▌▌ FULL (0.50m³ / 0.5m³), heading home
[PATH/CHECK] 3d.adapter :: sample_out_norm: nPts=4 last.x=0.100614 last.y=0.000981
[PATH/CHECK] 3d.adapter :: mapped_world: nPts=4 last=(1.414,0.000,1.414)
[@CharacterBody3D@34] Final waypoint reached — forcing done (skipping align). finalAim=(0.47740686, 0, 0.8786824) lastGear=1
[Robot_1] ✓✓✓ DUMPED 0.50m³ at (1.4, 1.3) - Total: 7.00m³
[@CharacterBody3D@78] Final waypoint reached — forcing done (skipping align). finalAim=(0.4633515, 0, 0.88617456) lastGear=1
[Robot_5] ✓✓✓ DUMPED 0.50m³ at (-1.5, -1.5) - Total: 7.50m³
[PATH/CHECK] 3d.adapter :: sample_out_norm: nPts=1 last.x=0.000000 last.y=0.000000
[PATH/CHECK] 3d.adapter :: mapped_world: nPts=1 last=(-1.452,0.000,-1.524)
[@CharacterBody3D@78] Final waypoint reached — forcing done (skipping align). finalAim=(0.45954815, 0, 0.88815284) lastGear=1
[Robot_5] Dug 0.080m → Payload: 0.04m³
[PATH/CHECK] 3d.adapter :: sample_out_norm: nPts=1 last.x=0.000000 last.y=0.000000
[PATH/CHECK] 3d.adapter :: mapped_world: nPts=1 last=(-1.452,0.000,-1.524)
[@CharacterBody3D@78] Final waypoint reached — forcing done (skipping align). finalAim=(0.45954815, 0, 0.88815284) lastGear=1
[Robot_5] Dug 0.080m → Payload: 0.08m³
[PATH/CHECK] 3d.adapter :: sample_out_norm: nPts=1 last.x=0.000000 last.y=0.000000
[PATH/CHECK] 3d.adapter :: mapped_world: nPts=1 last=(-1.452,0.000,-1.524)
[@CharacterBody3D@78] Final waypoint reached — forcing done (skipping align). finalAim=(0.45954815, 0, 0.88815284) lastGear=1
[Robot_5] Dug 0.080m → Payload: 0.12m³
[PATH/CHECK] 3d.adapter :: sample_out_norm: nPts=1 last.x=0.000000 last.y=0.000000
[PATH/CHECK] 3d.adapter :: mapped_world: nPts=1 last=(-1.452,0.000,-1.524)
[@CharacterBody3D@78] Final waypoint reached — forcing done (skipping align). finalAim=(0.45954815, 0, 0.88815284) lastGear=1
[Robot_5] Dug 0.080m → Payload: 0.16m³
[PATH/CHECK] 3d.adapter :: sample_out_norm: nPts=1 last.x=0.000000 last.y=0.000000
[PATH/CHECK] 3d.adapter :: mapped_world: nPts=1 last=(-1.452,0.000,-1.524)
[@CharacterBody3D@78] Final waypoint reached — forcing done (skipping align). finalAim=(0.45954815, 0, 0.88815284) lastGear=1
[Robot_5] Dug 0.080m → Payload: 0.20m³
[PATH/CHECK] 3d.adapter :: sample_out_norm: nPts=1 last.x=0.000000 last.y=0.000000
[PATH/CHECK] 3d.adapter :: mapped_world: nPts=1 last=(-1.452,0.000,-1.524)
[@CharacterBody3D@78] Final waypoint reached — forcing done (skipping align). finalAim=(0.45954815, 0, 0.88815284) lastGear=1
[Robot_5] Dug 0.080m → Payload: 0.24m³
[PATH/CHECK] 3d.adapter :: sample_out_norm: nPts=1 last.x=0.000000 last.y=0.000000
[PATH/CHECK] 3d.adapter :: mapped_world: nPts=1 last=(-1.452,0.000,-1.524)
[@CharacterBody3D@78] Final waypoint reached — forcing done (skipping align). finalAim=(0.45954815, 0, 0.88815284) lastGear=1
[Robot_5] Dug 0.080m → Payload: 0.28m³
[PATH/CHECK] 3d.adapter :: sample_out_norm: nPts=1 last.x=0.000000 last.y=0.000000
[PATH/CHECK] 3d.adapter :: mapped_world: nPts=1 last=(-1.452,0.000,-1.524)
[@CharacterBody3D@78] Final waypoint reached — forcing done (skipping align). finalAim=(0.45954815, 0, 0.88815284) lastGear=1
[Robot_5] Dug 0.080m → Payload: 0.32m³
[PATH/CHECK] 3d.adapter :: sample_out_norm: nPts=1 last.x=0.000000 last.y=0.000000
[PATH/CHECK] 3d.adapter :: mapped_world: nPts=1 last=(-1.452,0.000,-1.524)
[@CharacterBody3D@78] Final waypoint reached — forcing done (skipping align). finalAim=(0.45954815, 0, 0.88815284) lastGear=1
[Robot_5] Dug 0.080m → Payload: 0.36m³
[PATH/CHECK] 3d.adapter :: sample_out_norm: nPts=1 last.x=0.000000 last.y=0.000000
[PATH/CHECK] 3d.adapter :: mapped_world: nPts=1 last=(-1.452,0.000,-1.524)
[@CharacterBody3D@78] Final waypoint reached — forcing done (skipping align). finalAim=(0.45954815, 0, 0.88815284) lastGear=1
[Robot_5] Dug 0.080m → Payload: 0.40m³
[PATH/CHECK] 3d.adapter :: sample_out_norm: nPts=1 last.x=0.000000 last.y=0.000000
[PATH/CHECK] 3d.adapter :: mapped_world: nPts=1 last=(-1.452,0.000,-1.524)
[@CharacterBody3D@78] Final waypoint reached — forcing done (skipping align). finalAim=(0.45954815, 0, 0.88815284) lastGear=1
[Robot_5] Dug 0.080m → Payload: 0.44m³
[PATH/CHECK] 3d.adapter :: sample_out_norm: nPts=1 last.x=0.000000 last.y=0.000000
[PATH/CHECK] 3d.adapter :: mapped_world: nPts=1 last=(-1.452,0.000,-1.524)
[@CharacterBody3D@78] Final waypoint reached — forcing done (skipping align). finalAim=(0.45954815, 0, 0.88815284) lastGear=1
[Robot_5] Dug 0.080m → Payload: 0.48m³
[PATH/CHECK] 3d.adapter :: sample_out_norm: nPts=1 last.x=0.000000 last.y=0.000000
[PATH/CHECK] 3d.adapter :: mapped_world: nPts=1 last=(-1.452,0.000,-1.524)
[@CharacterBody3D@78] Final waypoint reached — forcing done (skipping align). finalAim=(0.45954815, 0, 0.88815284) lastGear=1
[Robot_5] Dug 0.080m → Payload: 0.50m³
[Robot_5] ▌▌▌ FULL (0.50m³ / 0.5m³), heading home
[PATH/CHECK] 3d.adapter :: sample_out_norm: nPts=5 last.x=0.115129 last.y=0.017195
[PATH/CHECK] 3d.adapter :: mapped_world: nPts=5 last=(-1.414,0.000,-1.414)
[@CharacterBody3D@78] Final waypoint reached — forcing done (skipping align). finalAim=(0.36507973, -0, 0.9309762) lastGear=-1
[@CharacterBody3D@89] Final waypoint reached — forcing done (skipping align). finalAim=(-0.028074356, -0, 0.99960583) lastGear=-1
[Robot_5] ✓✓✓ DUMPED 0.50m³ at (-1.4, -1.4) - Total: 8.00m³
[Robot_6] Dug 0.080m → Payload: 0.12m³
[PATH/CHECK] 3d.adapter :: sample_out_norm: nPts=20 last.x=-1.266570 last.y=-2.155412
[PATH/CHECK] 3d.adapter :: mapped_world: nPts=20 last=(-1.006,0.000,-3.858)
[@CharacterBody3D@89] Final waypoint reached — forcing done (skipping align). finalAim=(0.85339355, 0, -0.5212671) lastGear=1
[Robot_6] Dug 0.080m → Payload: 0.16m³
[PATH/CHECK] 3d.adapter :: sample_out_norm: nPts=18 last.x=-2.038990 last.y=-1.446554
[PATH/CHECK] 3d.adapter :: mapped_world: nPts=18 last=(-3.592,0.000,-3.780)
[PATH/CHECK] 3d.adapter :: sample_out_norm: nPts=37 last.x=-4.999122 last.y=0.093712
[PATH/CHECK] 3d.adapter :: mapped_world: nPts=37 last=(-1.127,0.000,-2.991)
[@CharacterBody3D@89] Final waypoint reached — forcing done (skipping align). finalAim=(-0.9999984, 0, 0.0017854752) lastGear=1
[Robot_6] Dug 0.080m → Payload: 0.20m³
